2026-06-28 20:55:31,278 [INFO] Activator:176 - 


2026-06-28 20:55:31,294 [INFO] Activator:177 - !SESSION log4j initialized
2026-06-28 20:55:35,672 [INFO] ApplicationProperties:181 - Using Application install path: C:\ST\STM32CubeIDE_1.3.0\STM32CubeIDE\plugins\com.st.stm32cube.common.mx_5.6.0.202002181639
2026-06-28 20:55:35,696 [INFO] DbMcusXml:72 - Set database path to: C:\ST\STM32CubeIDE_1.3.0\STM32CubeIDE\plugins\com.st.stm32cube.common.mx_5.6.0.202002181639\\db\/mcu/
2026-06-28 20:55:35,701 [INFO] DbBoardsPdsc:54 - Set plugin database path to: C:\ST\STM32CubeIDE_1.3.0\STM32CubeIDE\plugins\com.st.stm32cube.common.mx_5.6.0.202002181639\\db\/plugins/boardmanager/
2026-06-28 20:55:35,703 [INFO] DbMcus:235 - Set plugin images path to: C:\ST\STM32CubeIDE_1.3.0\STM32CubeIDE\plugins\com.st.stm32cube.common.mx_5.6.0.202002181639\\db\/plugins/mcufinder/images/
2026-06-28 20:55:35,703 [INFO] DbBoards:232 - Set plugin images path to: C:\ST\STM32CubeIDE_1.3.0\STM32CubeIDE\plugins\com.st.stm32cube.common.mx_5.6.0.202002181639\\db\/plugins/mcufinder/images/
2026-06-28 20:55:35,728 [INFO] DbMcusAds:85 - Set database path to: C:\Users\dayan\.stmcufinder\plugins\mcufinder//mcu/
2026-06-28 20:55:35,728 [INFO] DbMcusDocs:108 - Set database path to: C:\Users\dayan\.stmcufinder\plugins\mcufinder//mcu/
2026-06-28 20:55:35,733 [INFO] DbMcusJson:61 - Set database path to: C:\Users\dayan\.stmcufinder\plugins\mcufinder//mcu/
2026-06-28 20:55:35,735 [INFO] DbBoardsDocs:97 - Set database path to: C:\Users\dayan\.stmcufinder\plugins\mcufinder//mcu/
2026-06-28 20:55:35,735 [INFO] DbBoardsJson:51 - Set database path to: C:\Users\dayan\.stmcufinder\plugins\mcufinder//mcu/
2026-06-28 20:55:35,754 [INFO] CrossReferenceDbSqlite:197 - Set database path to: C:\Users\dayan\.stmcufinder\plugins\mcufinder//mcu/cs/
2026-06-28 20:55:35,898 [INFO] RulesReader:52 - Compatibility file has been processed (208 Rules)
2026-06-28 20:55:36,000 [INFO] MicroXplorer:570 - Detected Java Version = 1.8.0_242
2026-06-28 20:55:36,000 [INFO] DbMcusXml:72 - Set database path to: C:\ST\STM32CubeIDE_1.3.0\STM32CubeIDE\plugins\com.st.stm32cube.common.mx_5.6.0.202002181639\\db\/mcu/
2026-06-28 20:55:36,000 [INFO] DbBoardsPdsc:54 - Set plugin database path to: C:\ST\STM32CubeIDE_1.3.0\STM32CubeIDE\plugins\com.st.stm32cube.common.mx_5.6.0.202002181639\\db\/plugins/boardmanager/
2026-06-28 20:55:36,000 [INFO] DbMcus:235 - Set plugin images path to: C:\ST\STM32CubeIDE_1.3.0\STM32CubeIDE\plugins\com.st.stm32cube.common.mx_5.6.0.202002181639\\db\/plugins/mcufinder/images/
2026-06-28 20:55:36,014 [INFO] DbBoards:232 - Set plugin images path to: C:\ST\STM32CubeIDE_1.3.0\STM32CubeIDE\plugins\com.st.stm32cube.common.mx_5.6.0.202002181639\\db\/plugins/mcufinder/images/
2026-06-28 20:55:36,014 [WARN] DbFile:36 - Overriding database path with different value: C:\Users\dayan\.stmcufinder\plugins\mcufinder/ => C:\Users\dayan\.stmcufinder\plugins\mcufinder
2026-06-28 20:55:36,014 [INFO] DbMcusAds:85 - Set database path to: C:\Users\dayan\.stmcufinder\plugins\mcufinder//mcu/
2026-06-28 20:55:36,014 [WARN] DbFile:36 - Overriding database path with different value: C:\Users\dayan\.stmcufinder\plugins\mcufinder/ => C:\Users\dayan\.stmcufinder\plugins\mcufinder
2026-06-28 20:55:36,014 [INFO] DbMcusDocs:108 - Set database path to: C:\Users\dayan\.stmcufinder\plugins\mcufinder//mcu/
2026-06-28 20:55:36,014 [WARN] DbFile:36 - Overriding database path with different value: C:\Users\dayan\.stmcufinder\plugins\mcufinder/ => C:\Users\dayan\.stmcufinder\plugins\mcufinder
2026-06-28 20:55:36,014 [INFO] DbMcusJson:61 - Set database path to: C:\Users\dayan\.stmcufinder\plugins\mcufinder//mcu/
2026-06-28 20:55:36,014 [WARN] DbFile:36 - Overriding database path with different value: C:\Users\dayan\.stmcufinder\plugins\mcufinder/ => C:\Users\dayan\.stmcufinder\plugins\mcufinder
2026-06-28 20:55:36,014 [INFO] DbBoardsDocs:97 - Set database path to: C:\Users\dayan\.stmcufinder\plugins\mcufinder//mcu/
2026-06-28 20:55:36,014 [WARN] DbFile:36 - Overriding database path with different value: C:\Users\dayan\.stmcufinder\plugins\mcufinder/ => C:\Users\dayan\.stmcufinder\plugins\mcufinder
2026-06-28 20:55:36,014 [INFO] DbBoardsJson:51 - Set database path to: C:\Users\dayan\.stmcufinder\plugins\mcufinder//mcu/
2026-06-28 20:55:36,014 [WARN] DbFile:36 - Overriding database path with different value: C:\Users\dayan\.stmcufinder\plugins\mcufinder/ => C:\Users\dayan\.stmcufinder\plugins\mcufinder
2026-06-28 20:55:36,014 [WARN] DbFile:36 - Overriding database path with different value: C:\Users\dayan\.stmcufinder\plugins\mcufinder/ => C:\Users\dayan\.stmcufinder\plugins\mcufinder
2026-06-28 20:55:36,014 [INFO] CrossReferenceDbSqlite:197 - Set database path to: C:\Users\dayan\.stmcufinder\plugins\mcufinder//mcu/cs/
2026-06-28 20:55:36,092 [INFO] MainPanel:181 - HeapMemory: 268435456
2026-06-28 20:55:36,187 [INFO] DbMcusXml:72 - Set database path to: C:\ST\STM32CubeIDE_1.3.0\STM32CubeIDE\plugins\com.st.stm32cube.common.mx_5.6.0.202002181639\\db\/mcu/
2026-06-28 20:55:36,187 [INFO] DbBoardsPdsc:54 - Set plugin database path to: C:\ST\STM32CubeIDE_1.3.0\STM32CubeIDE\plugins\com.st.stm32cube.common.mx_5.6.0.202002181639\\db\/plugins/boardmanager/
2026-06-28 20:55:36,187 [INFO] DbMcus:235 - Set plugin images path to: C:\ST\STM32CubeIDE_1.3.0\STM32CubeIDE\plugins\com.st.stm32cube.common.mx_5.6.0.202002181639\\db\/plugins/mcufinder/images/
2026-06-28 20:55:36,187 [INFO] DbBoards:232 - Set plugin images path to: C:\ST\STM32CubeIDE_1.3.0\STM32CubeIDE\plugins\com.st.stm32cube.common.mx_5.6.0.202002181639\\db\/plugins/mcufinder/images/
2026-06-28 20:55:36,187 [WARN] DbFile:36 - Overriding database path with different value: C:\Users\dayan\.stmcufinder\plugins\mcufinder/ => C:\Users\dayan\.stmcufinder\plugins\mcufinder
2026-06-28 20:55:36,191 [INFO] DbMcusAds:85 - Set database path to: C:\Users\dayan\.stmcufinder\plugins\mcufinder//mcu/
2026-06-28 20:55:36,191 [WARN] DbFile:36 - Overriding database path with different value: C:\Users\dayan\.stmcufinder\plugins\mcufinder/ => C:\Users\dayan\.stmcufinder\plugins\mcufinder
2026-06-28 20:55:36,191 [INFO] DbMcusDocs:108 - Set database path to: C:\Users\dayan\.stmcufinder\plugins\mcufinder//mcu/
2026-06-28 20:55:36,191 [WARN] DbFile:36 - Overriding database path with different value: C:\Users\dayan\.stmcufinder\plugins\mcufinder/ => C:\Users\dayan\.stmcufinder\plugins\mcufinder
2026-06-28 20:55:36,191 [INFO] DbMcusJson:61 - Set database path to: C:\Users\dayan\.stmcufinder\plugins\mcufinder//mcu/
2026-06-28 20:55:36,191 [WARN] DbFile:36 - Overriding database path with different value: C:\Users\dayan\.stmcufinder\plugins\mcufinder/ => C:\Users\dayan\.stmcufinder\plugins\mcufinder
2026-06-28 20:55:36,191 [INFO] DbBoardsDocs:97 - Set database path to: C:\Users\dayan\.stmcufinder\plugins\mcufinder//mcu/
2026-06-28 20:55:36,191 [WARN] DbFile:36 - Overriding database path with different value: C:\Users\dayan\.stmcufinder\plugins\mcufinder/ => C:\Users\dayan\.stmcufinder\plugins\mcufinder
2026-06-28 20:55:36,191 [INFO] DbBoardsJson:51 - Set database path to: C:\Users\dayan\.stmcufinder\plugins\mcufinder//mcu/
2026-06-28 20:55:36,191 [WARN] DbFile:36 - Overriding database path with different value: C:\Users\dayan\.stmcufinder\plugins\mcufinder/ => C:\Users\dayan\.stmcufinder\plugins\mcufinder
2026-06-28 20:55:36,191 [WARN] DbFile:36 - Overriding database path with different value: C:\Users\dayan\.stmcufinder\plugins\mcufinder/ => C:\Users\dayan\.stmcufinder\plugins\mcufinder
2026-06-28 20:55:36,191 [INFO] CrossReferenceDbSqlite:197 - Set database path to: C:\Users\dayan\.stmcufinder\plugins\mcufinder//mcu/cs/
2026-06-28 20:55:36,210 [INFO] ApplicationProperties:181 - Using Application install path: C:\ST\STM32CubeIDE_1.3.0\STM32CubeIDE\plugins\com.st.stm32cube.common.mx_5.6.0.202002181639
2026-06-28 20:55:36,210 [INFO] PluginManage:178 - Search for loadable plugins [exclusion list=, tutovideos]
2026-06-28 20:55:36,218 [INFO] PluginManage:292 - Check plugin analytics
2026-06-28 20:55:36,235 [INFO] PluginManage:342 - Loaded plugin analytics (category:tool,tabindex:-1)
2026-06-28 20:55:36,235 [INFO] PluginManage:292 - Check plugin clock
2026-06-28 20:55:36,268 [INFO] PluginManage:342 - Loaded plugin clock (category:base,tabindex:2)
2026-06-28 20:55:36,268 [INFO] PluginManage:292 - Check plugin ddr
2026-06-28 20:55:36,270 [INFO] PluginManage:342 - Loaded plugin ddr (category:tool,tabindex:6)
2026-06-28 20:55:36,270 [INFO] PluginManage:292 - Check plugin filemanager
2026-06-28 20:55:36,408 [INFO] PluginManage:342 - Loaded plugin filemanager (category:base,tabindex:10)
2026-06-28 20:55:36,408 [INFO] PluginManage:292 - Check plugin ipmanager
2026-06-28 20:55:36,423 [INFO] PluginManage:342 - Loaded plugin ipmanager (category:base,tabindex:5)
2026-06-28 20:55:36,424 [INFO] PluginManage:292 - Check plugin pinoutandconfiguration
2026-06-28 20:55:36,440 [INFO] PluginManage:342 - Loaded plugin pinoutandconfiguration (category:base,tabindex:1)
2026-06-28 20:55:36,440 [INFO] PluginManage:292 - Check plugin pinoutconfig
2026-06-28 20:55:36,488 [INFO] PluginManage:342 - Loaded plugin pinoutconfig (category:base,tabindex:0)
2026-06-28 20:55:36,490 [INFO] PluginManage:292 - Check plugin power
2026-06-28 20:55:36,569 [INFO] PluginManage:342 - Loaded plugin power (category:power,tabindex:4)
2026-06-28 20:55:36,569 [INFO] PluginManage:292 - Check plugin projectmanager
2026-06-28 20:55:36,595 [INFO] PluginManage:342 - Loaded plugin projectmanager (category:projectmanager,tabindex:3)
2026-06-28 20:55:36,597 [INFO] PluginManage:292 - Check plugin thirdparty
2026-06-28 20:55:36,719 [INFO] ThirdPartyDb:295 - Open Third Party DataBase File (C:/Users/dayan/.stm32cubemx/plugins/thirdparty/db/thirdparties_db.xml) : 35 ms. number of Sw pack : 8
2026-06-28 20:55:36,734 [INFO] PluginManage:342 - Loaded plugin thirdparty (category:base,tabindex:-1)
2026-06-28 20:55:36,734 [INFO] PluginManage:292 - Check plugin tools
2026-06-28 20:55:36,773 [INFO] PluginManage:342 - Loaded plugin tools (category:base,tabindex:7)
2026-06-28 20:55:36,773 [INFO] PluginManage:292 - Check plugin tutovideos
2026-06-28 20:55:36,899 [INFO] PluginManage:347 - Ignore plugin tutovideos (category:base)
2026-06-28 20:55:36,899 [INFO] PluginManage:292 - Check plugin updater
2026-06-28 20:55:36,917 [INFO] PluginManage:342 - Loaded plugin updater (category:base,tabindex:12)
2026-06-28 20:55:36,917 [INFO] PluginManage:265 - PluginManage : Loaded plugins [12]
2026-06-28 20:55:37,103 [INFO] PinOutPanel:1420 - setPackage(No Configuration,No Configuration)
2026-06-28 20:55:37,230 [INFO] IPUIPlugin:65 - create IPUIPlugin
2026-06-28 20:55:37,230 [INFO] PluginManager:200 - loadIPPluginJar : add adc
2026-06-28 20:55:37,283 [INFO] IPUIPlugin:65 - create IPUIPlugin
2026-06-28 20:55:37,283 [INFO] PluginManager:200 - loadIPPluginJar : add aes
2026-06-28 20:55:37,340 [INFO] IPUIPlugin:65 - create IPUIPlugin
2026-06-28 20:55:37,340 [INFO] PluginManager:200 - loadIPPluginJar : add can
2026-06-28 20:55:37,372 [INFO] IPUIPlugin:65 - create IPUIPlugin
2026-06-28 20:55:37,372 [INFO] PluginManager:200 - loadIPPluginJar : add comp
2026-06-28 20:55:37,420 [INFO] IPUIPlugin:65 - create IPUIPlugin
2026-06-28 20:55:37,422 [INFO] PluginManager:200 - loadIPPluginJar : add cryp
2026-06-28 20:55:37,462 [INFO] IPUIPlugin:65 - create IPUIPlugin
2026-06-28 20:55:37,462 [INFO] PluginManager:200 - loadIPPluginJar : add dfsdm
2026-06-28 20:55:37,483 [INFO] IPUIPlugin:65 - create IPUIPlugin
2026-06-28 20:55:37,483 [INFO] PluginManager:200 - loadIPPluginJar : add dma
2026-06-28 20:55:37,531 [INFO] IPUIPlugin:65 - create IPUIPlugin
2026-06-28 20:55:37,531 [INFO] PluginManager:200 - loadIPPluginJar : add fatfs
2026-06-28 20:55:37,611 [INFO] IPUIPlugin:65 - create IPUIPlugin
2026-06-28 20:55:37,611 [INFO] PluginManager:200 - loadIPPluginJar : add fmc
2026-06-28 20:55:37,625 [INFO] IPUIPlugin:65 - create IPUIPlugin
2026-06-28 20:55:37,625 [INFO] PluginManager:200 - loadIPPluginJar : add freertos
2026-06-28 20:55:37,641 [INFO] IPUIPlugin:65 - create IPUIPlugin
2026-06-28 20:55:37,657 [INFO] PluginManager:200 - loadIPPluginJar : add genericplugin
2026-06-28 20:55:37,816 [INFO] IPUIPlugin:65 - create IPUIPlugin
2026-06-28 20:55:37,816 [INFO] PluginManager:200 - loadIPPluginJar : add gfxmmu
2026-06-28 20:55:37,958 [INFO] IPUIPlugin:65 - create IPUIPlugin
2026-06-28 20:55:37,958 [INFO] PluginManager:200 - loadIPPluginJar : add gic
2026-06-28 20:55:37,974 [INFO] IPUIPlugin:65 - create IPUIPlugin
2026-06-28 20:55:37,974 [INFO] PluginManager:200 - loadIPPluginJar : add gpio
2026-06-28 20:55:38,055 [INFO] IPUIPlugin:65 - create IPUIPlugin
2026-06-28 20:55:38,055 [INFO] PluginManager:200 - loadIPPluginJar : add gtzc
2026-06-28 20:55:38,116 [INFO] IPUIPlugin:65 - create IPUIPlugin
2026-06-28 20:55:38,117 [INFO] PluginManager:200 - loadIPPluginJar : add hash
2026-06-28 20:55:38,195 [INFO] IPUIPlugin:65 - create IPUIPlugin
2026-06-28 20:55:38,195 [INFO] PluginManager:200 - loadIPPluginJar : add i2c
2026-06-28 20:55:38,258 [INFO] IPUIPlugin:65 - create IPUIPlugin
2026-06-28 20:55:38,258 [INFO] PluginManager:200 - loadIPPluginJar : add i2s
2026-06-28 20:55:38,400 [INFO] IPUIPlugin:65 - create IPUIPlugin
2026-06-28 20:55:38,400 [INFO] PluginManager:200 - loadIPPluginJar : add ipddr
2026-06-28 20:55:38,448 [INFO] IPUIPlugin:65 - create IPUIPlugin
2026-06-28 20:55:38,448 [INFO] PluginManager:200 - loadIPPluginJar : add ltdc
2026-06-28 20:55:38,464 [INFO] IPUIPlugin:65 - create IPUIPlugin
2026-06-28 20:55:38,464 [INFO] PluginManager:200 - loadIPPluginJar : add mdma
2026-06-28 20:55:38,480 [INFO] IPUIPlugin:65 - create IPUIPlugin
2026-06-28 20:55:38,480 [INFO] PluginManager:200 - loadIPPluginJar : add nvic
2026-06-28 20:55:38,512 [INFO] IPUIPlugin:65 - create IPUIPlugin
2026-06-28 20:55:38,512 [INFO] PluginManager:200 - loadIPPluginJar : add opamp
2026-06-28 20:55:38,575 [INFO] IPUIPlugin:65 - create IPUIPlugin
2026-06-28 20:55:38,575 [INFO] PluginManager:200 - loadIPPluginJar : add pdm2pcm
2026-06-28 20:55:38,593 [INFO] IPUIPlugin:65 - create IPUIPlugin
2026-06-28 20:55:38,593 [INFO] PluginManager:200 - loadIPPluginJar : add plateformsettings
2026-06-28 20:55:38,624 [INFO] IPUIPlugin:65 - create IPUIPlugin
2026-06-28 20:55:38,624 [INFO] PluginManager:200 - loadIPPluginJar : add quadspi
2026-06-28 20:55:38,640 [INFO] IPUIPlugin:65 - create IPUIPlugin
2026-06-28 20:55:38,640 [INFO] PluginManager:200 - loadIPPluginJar : add resmgrutility
2026-06-28 20:55:38,715 [INFO] IPUIPlugin:65 - create IPUIPlugin
2026-06-28 20:55:38,715 [INFO] PluginManager:200 - loadIPPluginJar : add sai
2026-06-28 20:55:38,779 [INFO] IPUIPlugin:65 - create IPUIPlugin
2026-06-28 20:55:38,779 [INFO] PluginManager:200 - loadIPPluginJar : add spi
2026-06-28 20:55:38,834 [INFO] IPUIPlugin:65 - create IPUIPlugin
2026-06-28 20:55:38,834 [INFO] PluginManager:200 - loadIPPluginJar : add stm32_wpan
2026-06-28 20:55:38,877 [INFO] IPUIPlugin:65 - create IPUIPlugin
2026-06-28 20:55:38,877 [INFO] PluginManager:200 - loadIPPluginJar : add tim
2026-06-28 20:55:38,987 [INFO] IPUIPlugin:65 - create IPUIPlugin
2026-06-28 20:55:38,987 [INFO] PluginManager:200 - loadIPPluginJar : add touchsensing
2026-06-28 20:55:39,003 [INFO] IPUIPlugin:65 - create IPUIPlugin
2026-06-28 20:55:39,003 [INFO] PluginManager:200 - loadIPPluginJar : add tracer_emb
2026-06-28 20:55:39,050 [INFO] IPUIPlugin:65 - create IPUIPlugin
2026-06-28 20:55:39,050 [INFO] PluginManager:200 - loadIPPluginJar : add ts
2026-06-28 20:55:39,082 [INFO] IPUIPlugin:65 - create IPUIPlugin
2026-06-28 20:55:39,082 [INFO] PluginManager:200 - loadIPPluginJar : add tsc
2026-06-28 20:55:39,119 [INFO] IPUIPlugin:65 - create IPUIPlugin
2026-06-28 20:55:39,119 [INFO] PluginManager:200 - loadIPPluginJar : add ucpd
2026-06-28 20:55:39,177 [INFO] IPUIPlugin:65 - create IPUIPlugin
2026-06-28 20:55:39,177 [INFO] PluginManager:200 - loadIPPluginJar : add usart
2026-06-28 20:55:39,709 [INFO] BoardConnectionPanel:3472 - [DDR PANEL] STM32CubeIDE environment
2026-06-28 20:55:39,709 [INFO] MainDdrPanel:103 - [DDR PANEL] GETTER - cubeProgrammerPath is: null
2026-06-28 20:55:39,748 [FATAL] Updater:277 - Updater called before beeing initialized
2026-06-28 20:55:39,749 [ERROR] IntegrityCheckThread:252 - Cannot obtain thirdParties list 21
2026-06-28 20:55:39,749 [ERROR] IntegrityCheckThread:100 - Unexpected exception IntegrityCheckThread Thread: Updater error
2026-06-28 20:55:39,749 [INFO] ThirdPartyDb:261 - Close Third Party DataBase File (C:/Users/dayan/.stm32cubemx/plugins/thirdparty/db/thirdparties_db.xml)
2026-06-28 20:55:39,907 [FATAL] Updater:277 - Updater called before beeing initialized
2026-06-28 20:55:40,136 [FATAL] Updater:277 - Updater called before beeing initialized
2026-06-28 20:55:40,157 [INFO] PinOutPanel:1420 - setPackage(No Configuration,No Configuration)
2026-06-28 20:55:40,159 [FATAL] Updater:277 - Updater called before beeing initialized
2026-06-28 20:55:40,164 [INFO] BoardConnectionPanel:3472 - [DDR PANEL] STM32CubeIDE environment
2026-06-28 20:55:40,164 [INFO] MainDdrPanel:103 - [DDR PANEL] GETTER - cubeProgrammerPath is: C:\ST\STM32CubeIDE_1.3.0\STM32CubeIDE\plugins\com.st.stm32cube.ide.mcu.externaltools.cubeprogrammer.win32_1.3.0.202002181050\tools\bin
2026-06-28 20:55:40,172 [INFO] ProgrammerExecThread:148 - [ProgrammerAPI] CubeProgrammer command construction: C:\ST\STM32CubeIDE_1.3.0\STM32CubeIDE\plugins\com.st.stm32cube.ide.mcu.externaltools.cubeprogrammer.win32_1.3.0.202002181050\tools\bin\STM32_Programmer_CLI.exe -l
2026-06-28 20:55:40,713 [INFO] MainDdrPanel:93 - [DDR PANEL] SETTER - Set cubeProgrammerPath to: C:\ST\STM32CubeIDE_1.3.0\STM32CubeIDE\plugins\com.st.stm32cube.ide.mcu.externaltools.cubeprogrammer.win32_1.3.0.202002181050\tools\bin
2026-06-28 20:55:40,777 [INFO] Updater:886 - Updater Version found : 5.6.0
2026-06-28 20:55:40,802 [INFO] ApplicationProperties:181 - Using Application install path: C:\ST\STM32CubeIDE_1.3.0\STM32CubeIDE\plugins\com.st.stm32cube.common.mx_5.6.0.202002181639
2026-06-28 20:55:41,297 [INFO] MainUpdater:2230 - connection check result : 10
2026-06-28 20:55:41,301 [INFO] MainUpdater:236 - Updater Check For Update Now.
2026-06-28 20:55:41,301 [INFO] MicroXplorer:420 - Change Database Version : DB.5.0.60
2026-06-28 20:55:41,396 [INFO] CheckServerUpdateThread:92 - End of CheckServer Thread
2026-06-28 20:55:41,522 [INFO] MainUpdater:2230 - connection check result : 10
2026-06-28 20:55:41,522 [INFO] LogOutputStream:76 - [STDOUT_REDIRECT] Successfull proxy connection.
2026-06-28 20:55:41,888 [INFO] McuFinderGlobals:40 - Set McuFinder mode to 2 (CubeIDE integrated)
2026-06-28 20:55:41,907 [INFO] FinderPluginLoader:86 - Searching for filters in installed packs
2026-06-28 20:55:41,907 [INFO] DbMcusXml:110 - Load MCU database from C:\ST\STM32CubeIDE_1.3.0\STM32CubeIDE\plugins\com.st.stm32cube.common.mx_5.6.0.202002181639\\db\/mcu/families.xml
2026-06-28 20:55:42,886 [INFO] DbMcusJson:90 - JSON generation date=Tue Nov 16 21:47:54 IST 2021 (1637079474)
2026-06-28 20:55:43,755 [INFO] DbMcus:171 - Found 1670 MCUs (1625 are supported by CubeMX, 1625 are visible in CubeMX)
2026-06-28 20:55:43,757 [INFO] ApiDb:158 - Load user favorites file C:\Users\dayan/.stm32cubeide/favorites.mcus.txt: 0 item(s)
2026-06-28 20:55:43,757 [INFO] ApiDb:163 - User favorites MCUs=[]
2026-06-28 20:55:43,757 [INFO] DbMcus:183 - Set 0 / 0 favorites MCUs
2026-06-28 20:55:44,670 [INFO] LoadUrlFilesThread:161 - End of LoadServerUrlFiles without Thread
2026-06-28 20:55:44,693 [INFO] McuDetailPanel:181 - Set advertising image to C:/Users/dayan/STM32Cube/Repository/\en.Prom_NBSTM32U50921.jpg
2026-06-28 20:56:04,865 [ERROR] ServerAccessManage:989 - HTTP unexpected response (522) for http://stmcufinder.com/API/getAd.php?
2026-06-28 20:56:04,865 [ERROR] ServerAccessManage:517 - Error during Access to HTTP Server. : mcusAds.json._tmp_.
2026-06-28 20:56:09,445 [INFO] LoadUrlFilesThread:134 - End of LoadUrlFiles Thread
2026-06-28 20:56:27,494 [ERROR] DbUtils:100 - File not found: C:\Users\dayan\.stmcufinder\plugins\mcufinder//mcu/mcusAds.json._tmp_
2026-06-28 20:56:27,494 [ERROR] DbFile:108 - Temporary file not found: C:\Users\dayan\.stmcufinder\plugins\mcufinder\mcu\mcusAds.json._tmp_
2026-06-28 20:56:27,494 [ERROR] DbUtils:100 - File not found: C:\Users\dayan\.stmcufinder\plugins\mcufinder//mcu/mcusDocs.json._tmp_
2026-06-28 20:56:27,494 [WARN] DbUtils:203 - Warning! success is not a boolean!
2026-06-28 20:56:27,494 [ERROR] DbMcusDocs:79 - No MCUs documents found !
2026-06-28 20:56:27,494 [ERROR] DbFile:108 - Temporary file not found: C:\Users\dayan\.stmcufinder\plugins\mcufinder\mcu\mcusDocs.json._tmp_
2026-06-28 20:56:27,520 [INFO] DbMcusDocs:142 - JSON generation date=Tue Nov 16 21:47:54 IST 2021 (1637079474)
2026-06-28 20:56:27,632 [INFO] DbMcusDocs:77 - Found 682 MCUs documents
2026-06-28 20:56:27,632 [INFO] ApiDb:186 - Save user favorites file C:\Users\dayan/.stm32cubeide/favorites.mcus.txt: 0 item(s)
2026-06-28 20:56:27,632 [INFO] ApiDb:191 - User favorites MCUs=[]
2026-06-28 20:56:27,632 [INFO] DbMcusXml:110 - Load MCU database from C:\ST\STM32CubeIDE_1.3.0\STM32CubeIDE\plugins\com.st.stm32cube.common.mx_5.6.0.202002181639\\db\/mcu/families.xml
2026-06-28 20:56:27,739 [ERROR] DbUtils:100 - File not found: C:\Users\dayan\.stmcufinder\plugins\mcufinder//mcu/mcusFeaturesAndDescription.json._tmp_
2026-06-28 20:56:27,739 [WARN] DbUtils:203 - Warning! success is not a boolean!
2026-06-28 20:56:27,739 [ERROR] DbFile:108 - Temporary file not found: C:\Users\dayan\.stmcufinder\plugins\mcufinder\mcu\mcusFeaturesAndDescription.json._tmp_
2026-06-28 20:56:27,745 [INFO] DbMcus:171 - Found 1670 MCUs (1625 are supported by CubeMX, 1625 are visible in CubeMX)
2026-06-28 20:56:27,745 [INFO] ApiDb:158 - Load user favorites file C:\Users\dayan/.stm32cubeide/favorites.mcus.txt: 0 item(s)
2026-06-28 20:56:27,745 [INFO] ApiDb:163 - User favorites MCUs=[]
2026-06-28 20:56:27,745 [INFO] DbMcus:183 - Set 0 / 0 favorites MCUs
2026-06-28 20:56:27,783 [INFO] McuFilterPanel:249 - Update 0 favorites MCUs
2026-06-28 20:56:27,933 [ERROR] DbUtils:100 - File not found: C:\Users\dayan\.stmcufinder\plugins\mcufinder//mcu/boardsDocs.json._tmp_
2026-06-28 20:56:27,933 [WARN] DbUtils:203 - Warning! success is not a boolean!
2026-06-28 20:56:27,933 [ERROR] DbBoardsDocs:72 - No boards documents found !
2026-06-28 20:56:27,933 [ERROR] DbFile:108 - Temporary file not found: C:\Users\dayan\.stmcufinder\plugins\mcufinder\mcu\boardsDocs.json._tmp_
2026-06-28 20:56:27,964 [INFO] DbBoardsPdsc:92 - Found 22 items
2026-06-28 20:56:27,980 [INFO] DbBoardsPdsc:92 - Found 9 items
2026-06-28 20:56:27,996 [INFO] DbBoardsPdsc:92 - Found 28 items
2026-06-28 20:56:28,014 [INFO] DbBoardsPdsc:92 - Found 1 items
2026-06-28 20:56:28,044 [INFO] DbBoardsPdsc:92 - Found 40 items
2026-06-28 20:56:28,060 [INFO] DbBoardsPdsc:92 - Found 39 items
2026-06-28 20:56:28,077 [INFO] DbBoardsPdsc:92 - Found 2 items
2026-06-28 20:56:28,091 [INFO] DbBoardsPdsc:92 - Found 4 items
2026-06-28 20:56:28,107 [WARN] DbBoardsPdsc:256 - Board STM32H7B3I-DK: unknown feature type=Audio, name=, username=Audio stereo codec with Headphone Amp (CS42L51-CNZ), n=1
2026-06-28 20:56:28,107 [WARN] DbBoardsPdsc:256 - Board STM32H7B3I-DK: unknown feature type=WIFI, name=, username=WIFI 802.11 b/g/n, n=1
2026-06-28 20:56:28,107 [WARN] DbBoardsPdsc:256 - Board STM32H7B3I-EVAL: unknown feature type=Audio, name=, username=Multi-Channel Audio Codec (CS42L51-CNZ), n=1
2026-06-28 20:56:28,107 [WARN] DbBoardsPdsc:256 - Board STM32H7B3I-EVAL: unknown feature type=Meter, name=, username=Power-metering and Temperature-monitoring with sigma-delta modulators, n=1
2026-06-28 20:56:28,107 [WARN] DbBoardsPdsc:256 - Board STM32H7B3I-EVAL: unknown feature type=WIFI, name=, username=WIFI 802.11 a/b/g/n, n=1
2026-06-28 20:56:28,107 [WARN] DbBoardsPdsc:256 - Board STM32H7B3I-EVAL: unknown feature type=Motor, name=, username=Motor Control, n=1
2026-06-28 20:56:28,107 [ERROR] DbUtils:100 - File not found: C:\Users\dayan\.stmcufinder\plugins\mcufinder//mcu/boards.json._tmp_
2026-06-28 20:56:28,107 [WARN] DbUtils:203 - Warning! success is not a boolean!
2026-06-28 20:56:28,107 [ERROR] DbFile:108 - Temporary file not found: C:\Users\dayan\.stmcufinder\plugins\mcufinder\mcu\boards.json._tmp_
2026-06-28 20:56:28,107 [INFO] DbBoards:120 - Found 145 boards (142 are supported by CubeMX)
2026-06-28 20:56:28,139 [INFO] DbBoardsDocs:131 - JSON generation date=Tue Nov 16 21:47:54 IST 2021 (1637079474)
2026-06-28 20:56:28,139 [ERROR] DbBoardsDocs:72 - No boards documents found !
2026-06-28 20:56:28,139 [INFO] DbBoardsDocs:131 - JSON generation date=Tue Nov 16 21:47:54 IST 2021 (1637079474)
2026-06-28 20:56:28,139 [ERROR] DbBoardsDocs:72 - No boards documents found !
2026-06-28 20:56:28,139 [WARN] DbBoards:130 - board NUCLEO-F303ZE has no document id list !
2026-06-28 20:56:28,139 [WARN] DbBoards:130 - board NUCLEO-F207ZG has no document id list !
2026-06-28 20:56:28,139 [WARN] DbBoards:130 - board NUCLEO-F429ZI has no document id list !
2026-06-28 20:56:28,139 [WARN] DbBoards:130 - board NUCLEO-F439ZI has no document id list !
2026-06-28 20:56:28,139 [WARN] DbBoards:130 - board NUCLEO-F446ZE has no document id list !
2026-06-28 20:56:28,139 [WARN] DbBoards:130 - board NUCLEO-F746ZG has no document id list !
2026-06-28 20:56:28,139 [WARN] DbBoards:130 - board NUCLEO-F767ZI has no document id list !
2026-06-28 20:56:28,139 [WARN] DbBoards:130 - board NUCLEO-F412ZG has no document id list !
2026-06-28 20:56:28,139 [WARN] DbBoards:130 - board NUCLEO-F413ZH has no document id list !
2026-06-28 20:56:28,139 [WARN] DbBoards:130 - board NUCLEO-L496ZG has no document id list !
2026-06-28 20:56:28,139 [WARN] DbBoards:130 - board NUCLEO-L496ZG-P has no document id list !
2026-06-28 20:56:28,139 [WARN] DbBoards:130 - board NUCLEO-L4R5ZI has no document id list !
2026-06-28 20:56:28,139 [WARN] DbBoards:130 - board NUCLEO-L4R5ZI-P has no document id list !
2026-06-28 20:56:28,139 [WARN] DbBoards:130 - board NUCLEO-F722ZE has no document id list !
2026-06-28 20:56:28,139 [WARN] DbBoards:130 - board NUCLEO-H743ZI has no document id list !
2026-06-28 20:56:28,139 [WARN] DbBoards:130 - board NUCLEO-H743ZI2 has no document id list !
2026-06-28 20:56:28,139 [WARN] DbBoards:130 - board NUCLEO-H753ZI has no document id list !
2026-06-28 20:56:28,139 [WARN] DbBoards:130 - board NUCLEO-H745ZI-Q has no document id list !
2026-06-28 20:56:28,139 [WARN] DbBoards:130 - board NUCLEO-H755ZI-Q has no document id list !
2026-06-28 20:56:28,139 [WARN] DbBoards:130 - board NUCLEO-H7A3ZI-Q has no document id list !
2026-06-28 20:56:28,139 [WARN] DbBoards:130 - board NUCLEO-L552ZE-Q has no document id list !
2026-06-28 20:56:28,139 [WARN] DbBoards:130 - board NUCLEO-L4P5ZG has no document id list !
2026-06-28 20:56:28,139 [WARN] DbBoards:130 - board NUCLEO-F042K6 has no document id list !
2026-06-28 20:56:28,139 [WARN] DbBoards:130 - board NUCLEO-F031K6 has no document id list !
2026-06-28 20:56:28,139 [WARN] DbBoards:130 - board NUCLEO-F303K8 has no document id list !
2026-06-28 20:56:28,139 [WARN] DbBoards:130 - board NUCLEO-L031K6 has no document id list !
2026-06-28 20:56:28,147 [WARN] DbBoards:130 - board NUCLEO-L011K4 has no document id list !
2026-06-28 20:56:28,147 [WARN] DbBoards:130 - board NUCLEO-L432KC has no document id list !
2026-06-28 20:56:28,147 [WARN] DbBoards:130 - board NUCLEO-L412KB has no document id list !
2026-06-28 20:56:28,147 [WARN] DbBoards:130 - board NUCLEO-G431KB has no document id list !
2026-06-28 20:56:28,147 [WARN] DbBoards:130 - board NUCLEO-G031K8 has no document id list !
2026-06-28 20:56:28,147 [WARN] DbBoards:130 - board NUCLEO-F030R8 has no document id list !
2026-06-28 20:56:28,147 [WARN] DbBoards:130 - board NUCLEO-F070RB has no document id list !
2026-06-28 20:56:28,147 [WARN] DbBoards:130 - board NUCLEO-F072RB has no document id list !
2026-06-28 20:56:28,147 [WARN] DbBoards:130 - board NUCLEO-F091RC has no document id list !
2026-06-28 20:56:28,147 [WARN] DbBoards:130 - board NUCLEO-F103RB has no document id list !
2026-06-28 20:56:28,147 [WARN] DbBoards:130 - board NUCLEO-F302R8 has no document id list !
2026-06-28 20:56:28,147 [WARN] DbBoards:130 - board NUCLEO-F303RE has no document id list !
2026-06-28 20:56:28,147 [WARN] DbBoards:130 - board NUCLEO-F334R8 has no document id list !
2026-06-28 20:56:28,147 [WARN] DbBoards:130 - board NUCLEO-F401RE has no document id list !
2026-06-28 20:56:28,147 [WARN] DbBoards:130 - board NUCLEO-F411RE has no document id list !
2026-06-28 20:56:28,147 [WARN] DbBoards:130 - board NUCLEO-L053R8 has no document id list !
2026-06-28 20:56:28,147 [WARN] DbBoards:130 - board NUCLEO-L152RE has no document id list !
2026-06-28 20:56:28,147 [WARN] DbBoards:130 - board NUCLEO-F446RE has no document id list !
2026-06-28 20:56:28,147 [WARN] DbBoards:130 - board NUCLEO-L476RG has no document id list !
2026-06-28 20:56:28,147 [WARN] DbBoards:130 - board NUCLEO-F410RB has no document id list !
2026-06-28 20:56:28,147 [WARN] DbBoards:130 - board NUCLEO-L073RZ has no document id list !
2026-06-28 20:56:28,147 [WARN] DbBoards:130 - board NUCLEO-L010RB has no document id list !
2026-06-28 20:56:28,147 [WARN] DbBoards:130 - board NUCLEO-L452RE has no document id list !
2026-06-28 20:56:28,147 [WARN] DbBoards:130 - board NUCLEO-L452RE-P has no document id list !
2026-06-28 20:56:28,147 [WARN] DbBoards:130 - board NUCLEO-L433RC-P has no document id list !
2026-06-28 20:56:28,147 [WARN] DbBoards:130 - board NUCLEO-L412RB-P has no document id list !
2026-06-28 20:56:28,147 [WARN] DbBoards:130 - board NUCLEO-G071RB has no document id list !
2026-06-28 20:56:28,149 [WARN] DbBoards:130 - board NUCLEO-G070RB has no document id list !
2026-06-28 20:56:28,149 [WARN] DbBoards:130 - board P-NUCLEO-WB55-Nucleo has no document id list !
2026-06-28 20:56:28,149 [WARN] DbBoards:130 - board P-NUCLEO-WB55-USBDongle has no document id list !
2026-06-28 20:56:28,149 [WARN] DbBoards:130 - board NUCLEO-WB35CE has no document id list !
2026-06-28 20:56:28,149 [WARN] DbBoards:130 - board NUCLEO-G431RB has no document id list !
2026-06-28 20:56:28,149 [WARN] DbBoards:130 - board NUCLEO-G474RE has no document id list !
2026-06-28 20:56:28,149 [WARN] DbBoards:130 - board P-NUCLEO-WB55 has no document id list !
2026-06-28 20:56:28,149 [WARN] DbBoards:130 - board STM32F0DISCOVERY has no document id list !
2026-06-28 20:56:28,149 [WARN] DbBoards:130 - board STM32F0308-DISCO has no document id list !
2026-06-28 20:56:28,149 [WARN] DbBoards:130 - board STM32F072B-DISCO has no document id list !
2026-06-28 20:56:28,149 [WARN] DbBoards:130 - board STM32F3DISCOVERY has no document id list !
2026-06-28 20:56:28,149 [WARN] DbBoards:130 - board STM32F3348-DISCO has no document id list !
2026-06-28 20:56:28,149 [WARN] DbBoards:130 - board STM32F401C-DISCO has no document id list !
2026-06-28 20:56:28,149 [WARN] DbBoards:130 - board STM32F411E-DISCO has no document id list !
2026-06-28 20:56:28,149 [WARN] DbBoards:130 - board STM32F407G-DISC1 has no document id list !
2026-06-28 20:56:28,149 [WARN] DbBoards:130 - board STM32F429I-DISC1 has no document id list !
2026-06-28 20:56:28,149 [WARN] DbBoards:130 - board STM32F469I-DISCO has no document id list !
2026-06-28 20:56:28,149 [WARN] DbBoards:130 - board STM32F746G-DISCO has no document id list !
2026-06-28 20:56:28,149 [WARN] DbBoards:130 - board STM32F769I-DISCO has no document id list !
2026-06-28 20:56:28,149 [WARN] DbBoards:130 - board STM32F769I-DISC1 has no document id list !
2026-06-28 20:56:28,149 [WARN] DbBoards:130 - board STM32F723E-DISCO has no document id list !
2026-06-28 20:56:28,149 [WARN] DbBoards:130 - board B-G474E-DPOW1 has no document id list !
2026-06-28 20:56:28,149 [WARN] DbBoards:130 - board STM32F7308-DK has no document id list !
2026-06-28 20:56:28,149 [WARN] DbBoards:130 - board STM32F7508-DK has no document id list !
2026-06-28 20:56:28,149 [WARN] DbBoards:130 - board STM32L0538-DISCO has no document id list !
2026-06-28 20:56:28,149 [WARN] DbBoards:130 - board STM32L100C-DISCO has no document id list !
2026-06-28 20:56:28,149 [WARN] DbBoards:130 - board STM32L-DISCOVERY has no document id list !
2026-06-28 20:56:28,149 [WARN] DbBoards:130 - board STM32L152C-DISCO has no document id list !
2026-06-28 20:56:28,149 [WARN] DbBoards:130 - board STM32L476G-DISCO has no document id list !
2026-06-28 20:56:28,149 [WARN] DbBoards:130 - board STM32F412G-DISCO has no document id list !
2026-06-28 20:56:28,151 [WARN] DbBoards:130 - board STM32F413H-DISCO has no document id list !
2026-06-28 20:56:28,153 [WARN] DbBoards:130 - board STM32VLDISCOVERY has no document id list !
2026-06-28 20:56:28,153 [WARN] DbBoards:130 - board STM32L496G-DISCO has no document id list !
2026-06-28 20:56:28,153 [WARN] DbBoards:130 - board B-L475E-IOT01A1 has no document id list !
2026-06-28 20:56:28,153 [WARN] DbBoards:130 - board STM32G071B-DISCO has no document id list !
2026-06-28 20:56:28,153 [WARN] DbBoards:130 - board STM32G0316-DISCO has no document id list !
2026-06-28 20:56:28,153 [WARN] DbBoards:130 - board STM32H747I-DISCO has no document id list !
2026-06-28 20:56:28,153 [WARN] DbBoards:130 - board STM32H747I-DISC1 has no document id list !
2026-06-28 20:56:28,153 [WARN] DbBoards:130 - board STM32H745I-DISCO has no document id list !
2026-06-28 20:56:28,153 [WARN] DbBoards:130 - board STM32H750B-DK has no document id list !
2026-06-28 20:56:28,153 [WARN] DbBoards:130 - board STM32H7B3I-DK has no document id list !
2026-06-28 20:56:28,153 [WARN] DbBoards:130 - board STM32L4R9I-DISCO has no document id list !
2026-06-28 20:56:28,154 [WARN] DbBoards:130 - board B-L072Z-LRWAN1 has no document id list !
2026-06-28 20:56:28,154 [WARN] DbBoards:130 - board STM32MP157A-DK1 has no document id list !
2026-06-28 20:56:28,154 [WARN] DbBoards:130 - board STM32MP157C-DK2 has no document id list !
2026-06-28 20:56:28,154 [WARN] DbBoards:130 - board STM32L562E-DK has no document id list !
2026-06-28 20:56:28,154 [WARN] DbBoards:130 - board STM32L4P5G-DK has no document id list !
2026-06-28 20:56:28,154 [WARN] DbBoards:130 - board STM32072B-EVAL has no document id list !
2026-06-28 20:56:28,154 [WARN] DbBoards:130 - board STM32091C-EVAL has no document id list !
2026-06-28 20:56:28,154 [WARN] DbBoards:130 - board STM3210C-EVAL has no document id list !
2026-06-28 20:56:28,154 [WARN] DbBoards:130 - board STM3210E-EVAL has no document id list !
2026-06-28 20:56:28,154 [WARN] DbBoards:130 - board STM32100E-EVAL has no document id list !
2026-06-28 20:56:28,154 [WARN] DbBoards:130 - board STM3220G-EVAL has no document id list !
2026-06-28 20:56:28,154 [WARN] DbBoards:130 - board STM3221G-EVAL has no document id list !
2026-06-28 20:56:28,154 [WARN] DbBoards:130 - board STM32303C-EVAL has no document id list !
2026-06-28 20:56:28,154 [WARN] DbBoards:130 - board STM32303E-EVAL has no document id list !
2026-06-28 20:56:28,154 [WARN] DbBoards:130 - board STM32373C-EVAL has no document id list !
2026-06-28 20:56:28,154 [WARN] DbBoards:130 - board STM3240G-EVAL has no document id list !
2026-06-28 20:56:28,154 [WARN] DbBoards:130 - board STM3241G-EVAL has no document id list !
2026-06-28 20:56:28,154 [WARN] DbBoards:130 - board STM32429I-EVAL1 has no document id list !
2026-06-28 20:56:28,154 [WARN] DbBoards:130 - board STM32439I-EVAL2 has no document id list !
2026-06-28 20:56:28,154 [WARN] DbBoards:130 - board STM32L152D-EVAL has no document id list !
2026-06-28 20:56:28,154 [WARN] DbBoards:130 - board STM32446E-EVAL has no document id list !
2026-06-28 20:56:28,154 [WARN] DbBoards:130 - board STM32746G-EVAL2 has no document id list !
2026-06-28 20:56:28,154 [WARN] DbBoards:130 - board STM32756G-EVAL2 has no document id list !
2026-06-28 20:56:28,154 [WARN] DbBoards:130 - board STM32F769I-EVAL has no document id list !
2026-06-28 20:56:28,154 [WARN] DbBoards:130 - board STM32F779I-EVAL has no document id list !
2026-06-28 20:56:28,154 [WARN] DbBoards:130 - board STM32L476G-EVAL has no document id list !
2026-06-28 20:56:28,154 [WARN] DbBoards:130 - board STM32469I-EVAL has no document id list !
2026-06-28 20:56:28,154 [WARN] DbBoards:130 - board STM32479I-EVAL has no document id list !
2026-06-28 20:56:28,154 [WARN] DbBoards:130 - board STM32L073Z-EVAL has no document id list !
2026-06-28 20:56:28,154 [WARN] DbBoards:130 - board STM32H743I-EVAL has no document id list !
2026-06-28 20:56:28,154 [WARN] DbBoards:130 - board STM32H743I-EVAL2 has no document id list !
2026-06-28 20:56:28,154 [WARN] DbBoards:130 - board STM32H753I-EVAL has no document id list !
2026-06-28 20:56:28,154 [WARN] DbBoards:130 - board STM32H7B3I-EVAL has no document id list !
2026-06-28 20:56:28,154 [WARN] DbBoards:130 - board STM32G081B-EVAL has no document id list !
2026-06-28 20:56:28,154 [WARN] DbBoards:130 - board STM32H753I-EVAL2 has no document id list !
2026-06-28 20:56:28,154 [WARN] DbBoards:130 - board STM32H747I-EVAL has no document id list !
2026-06-28 20:56:28,154 [WARN] DbBoards:130 - board STM32H757I-EVAL has no document id list !
2026-06-28 20:56:28,154 [WARN] DbBoards:130 - board STM32L4R9I-EVAL has no document id list !
2026-06-28 20:56:28,154 [WARN] DbBoards:130 - board STM32MP157C-EV1 has no document id list !
2026-06-28 20:56:28,154 [WARN] DbBoards:130 - board STM32MP157A-EV1 has no document id list !
2026-06-28 20:56:28,154 [WARN] DbBoards:130 - board STM32G474E-EVAL has no document id list !
2026-06-28 20:56:28,154 [WARN] DbBoards:130 - board STM32G474E-EVAL1 has no document id list !
2026-06-28 20:56:28,154 [WARN] DbBoards:130 - board STM32G484E-EVAL has no document id list !
2026-06-28 20:56:28,154 [WARN] DbBoards:130 - board STM32L552E-EV has no document id list !
2026-06-28 20:56:28,154 [WARN] DbBoards:130 - board STEVAL-BFA001V1B has no document id list !
2026-06-28 20:56:28,154 [WARN] DbBoards:130 - board STEVAL-BFA001V2B has no document id list !
2026-06-28 20:56:28,154 [WARN] DbBoards:130 - board STEVAL-MKSBOX1V1 has no document id list !
2026-06-28 20:56:28,154 [WARN] DbBoards:130 - board STEVAL-STWINKT1 has no document id list !
2026-06-28 20:56:28,154 [WARN] DbBoards:130 - board STEVAL-IDP005V1 has no document id list !
2026-06-28 20:56:28,154 [WARN] DbBoards:130 - board STEVAL-IDP005V2 has no document id list !
2026-06-28 20:56:29,000 [ERROR] ServerAccessManage:989 - HTTP unexpected response (522) for http://stmcufinder.com/API/getFiles.php?
2026-06-28 20:56:29,000 [ERROR] ServerAccessManage:517 - Error during Access to HTTP Server. : mcusDocs.json._tmp_.
2026-06-28 20:56:29,000 [INFO] LoadUrlFilesThread:134 - End of LoadUrlFiles Thread
2026-06-28 20:56:29,325 [INFO] ApiDb:158 - Load user favorites file C:\Users\dayan/.stm32cubeide/favorites.boards.txt: 0 item(s)
2026-06-28 20:56:29,325 [INFO] ApiDb:163 - User favorites Boards=[]
2026-06-28 20:56:29,325 [INFO] DbBoards:209 - Set 0 / 0 favorites Boards
2026-06-28 20:56:29,325 [INFO] ApiDb:186 - Save user favorites file C:\Users\dayan/.stm32cubeide/favorites.boards.txt: 0 item(s)
2026-06-28 20:56:29,325 [INFO] ApiDb:191 - User favorites Boards=[]
2026-06-28 20:56:29,329 [INFO] DbBoardsPdsc:92 - Found 22 items
2026-06-28 20:56:29,336 [INFO] DbBoardsPdsc:92 - Found 9 items
2026-06-28 20:56:29,338 [INFO] DbBoardsPdsc:92 - Found 28 items
2026-06-28 20:56:29,340 [INFO] DbBoardsPdsc:92 - Found 1 items
2026-06-28 20:56:29,343 [INFO] DbBoardsPdsc:92 - Found 40 items
2026-06-28 20:56:29,349 [INFO] DbBoardsPdsc:92 - Found 39 items
2026-06-28 20:56:29,352 [INFO] DbBoardsPdsc:92 - Found 2 items
2026-06-28 20:56:29,352 [INFO] DbBoardsPdsc:92 - Found 4 items
2026-06-28 20:56:29,357 [WARN] DbBoardsPdsc:256 - Board STM32H7B3I-DK: unknown feature type=Audio, name=, username=Audio stereo codec with Headphone Amp (CS42L51-CNZ), n=1
2026-06-28 20:56:29,357 [WARN] DbBoardsPdsc:256 - Board STM32H7B3I-DK: unknown feature type=WIFI, name=, username=WIFI 802.11 b/g/n, n=1
2026-06-28 20:56:29,357 [WARN] DbBoardsPdsc:256 - Board STM32H7B3I-EVAL: unknown feature type=Audio, name=, username=Multi-Channel Audio Codec (CS42L51-CNZ), n=1
2026-06-28 20:56:29,357 [WARN] DbBoardsPdsc:256 - Board STM32H7B3I-EVAL: unknown feature type=Meter, name=, username=Power-metering and Temperature-monitoring with sigma-delta modulators, n=1
2026-06-28 20:56:29,357 [WARN] DbBoardsPdsc:256 - Board STM32H7B3I-EVAL: unknown feature type=WIFI, name=, username=WIFI 802.11 a/b/g/n, n=1
2026-06-28 20:56:29,357 [WARN] DbBoardsPdsc:256 - Board STM32H7B3I-EVAL: unknown feature type=Motor, name=, username=Motor Control, n=1
2026-06-28 20:56:29,392 [INFO] DbBoardsJson:80 - JSON generation date=Tue Nov 16 21:47:54 IST 2021 (1637079474)
2026-06-28 20:56:29,398 [INFO] DbBoards:120 - Found 166 boards (142 are supported by CubeMX)
2026-06-28 20:56:29,400 [INFO] DbBoardsDocs:131 - JSON generation date=Tue Nov 16 21:47:54 IST 2021 (1637079474)
2026-06-28 20:56:29,400 [INFO] DbBoardsDocs:70 - Found 209 boards documents
2026-06-28 20:56:29,400 [WARN] DbBoards:130 - board NUCLEO-H743ZI has no document id list !
2026-06-28 20:56:29,400 [WARN] DbBoards:130 - board P-NUCLEO-WB55-Nucleo has no document id list !
2026-06-28 20:56:29,400 [WARN] DbBoards:130 - board P-NUCLEO-WB55-USBDongle has no document id list !
2026-06-28 20:56:29,400 [WARN] DbBoards:130 - board NUCLEO-WB35CE has no document id list !
2026-06-28 20:56:29,400 [WARN] DbBoards:130 - board STM32F401C-DISCO has no document id list !
2026-06-28 20:56:29,400 [WARN] DbBoards:130 - board STM32F769I-DISC1 has no document id list !
2026-06-28 20:56:29,400 [WARN] DbBoards:130 - board STM32L-DISCOVERY has no document id list !
2026-06-28 20:56:29,400 [WARN] DbBoards:130 - board STM32H747I-DISC1 has no document id list !
2026-06-28 20:56:29,400 [WARN] DbBoards:130 - board STM32439I-EVAL2 has no document id list !
2026-06-28 20:56:29,400 [WARN] DbBoards:130 - board STM32H743I-EVAL2 has no document id list !
2026-06-28 20:56:29,400 [WARN] DbBoards:130 - board STM32H753I-EVAL2 has no document id list !
2026-06-28 20:56:29,400 [WARN] DbBoards:130 - board STM32G474E-EVAL1 has no document id list !
2026-06-28 20:56:29,400 [WARN] DbBoards:130 - board STEVAL-BFA001V1B has no document id list !
2026-06-28 20:56:29,400 [WARN] DbBoards:130 - board STEVAL-BFA001V2B has no document id list !
2026-06-28 20:56:29,400 [WARN] DbBoards:130 - board STEVAL-MKSBOX1V1 has no document id list !
2026-06-28 20:56:29,400 [WARN] DbBoards:130 - board STEVAL-STWINKT1 has no document id list !
2026-06-28 20:56:29,400 [WARN] DbBoards:130 - board STEVAL-IDP005V1 has no document id list !
2026-06-28 20:56:29,400 [WARN] DbBoards:130 - board STEVAL-IDP005V2 has no document id list !
2026-06-28 20:56:29,404 [WARN] DbBoards:130 - board STEVAL-STWINKT1B has no document id list !
2026-06-28 20:56:29,446 [ERROR] DbBoards:192 - Image file not found for board NUCLEO-F413ZH: C:\ST\STM32CubeIDE_1.3.0\STM32CubeIDE\plugins\com.st.stm32cube.common.mx_5.6.0.202002181639\\db\/plugins/mcufinder/images/boards/nucleo-f413zh_small.jpg
2026-06-28 20:56:29,468 [ERROR] DbBoards:192 - Image file not found for board NUCLEO-L552ZE-Q: C:\ST\STM32CubeIDE_1.3.0\STM32CubeIDE\plugins\com.st.stm32cube.common.mx_5.6.0.202002181639\\db\/plugins/mcufinder/images/boards/nucleo_l552ze_q_small.jpg
2026-06-28 20:56:29,848 [ERROR] DbBoards:192 - Image file not found for board STM32H7B3I-EVAL: C:\ST\STM32CubeIDE_1.3.0\STM32CubeIDE\plugins\com.st.stm32cube.common.mx_5.6.0.202002181639\\db\/plugins/mcufinder/images/boards/stm32h7b3ieval_small.jpg
2026-06-28 20:56:29,944 [ERROR] DbBoards:192 - Image file not found for board B-L462E-CELL1: C:\ST\STM32CubeIDE_1.3.0\STM32CubeIDE\plugins\com.st.stm32cube.common.mx_5.6.0.202002181639\\db\/plugins/mcufinder/images/boards/B-L462E-CELL1_small.jpg
2026-06-28 20:56:29,944 [ERROR] DbBoards:192 - Image file not found for board NUCLEO-WL55JC: C:\ST\STM32CubeIDE_1.3.0\STM32CubeIDE\plugins\com.st.stm32cube.common.mx_5.6.0.202002181639\\db\/plugins/mcufinder/images/boards/nucleo-wl55jc-small.jpg
2026-06-28 20:56:29,944 [ERROR] DbBoards:192 - Image file not found for board STM32H735G-DK: C:\ST\STM32CubeIDE_1.3.0\STM32CubeIDE\plugins\com.st.stm32cube.common.mx_5.6.0.202002181639\\db\/plugins/mcufinder/images/boards/STM32H735G_DK_small.jpg
2026-06-28 20:56:29,949 [ERROR] DbBoards:192 - Image file not found for board B-L4S5I-IOT01A: C:\ST\STM32CubeIDE_1.3.0\STM32CubeIDE\plugins\com.st.stm32cube.common.mx_5.6.0.202002181639\\db\/plugins/mcufinder/images/boards/B-L4S5I-IOT01A_small.jpg
2026-06-28 20:56:29,958 [ERROR] DbBoards:192 - Image file not found for board NUCLEO-WB55RG: C:\ST\STM32CubeIDE_1.3.0\STM32CubeIDE\plugins\com.st.stm32cube.common.mx_5.6.0.202002181639\\db\/plugins/mcufinder/images/boards/nucleo-wb55rg_small.jpg
2026-06-28 20:56:29,960 [ERROR] DbBoards:192 - Image file not found for board STM32G0C1E-EV: C:\ST\STM32CubeIDE_1.3.0\STM32CubeIDE\plugins\com.st.stm32cube.common.mx_5.6.0.202002181639\\db\/plugins/mcufinder/images/boards/stm32g0c1e-eval_small.jpg
2026-06-28 20:56:29,960 [ERROR] DbBoards:192 - Image file not found for board NUCLEO-WB15CC: C:\ST\STM32CubeIDE_1.3.0\STM32CubeIDE\plugins\com.st.stm32cube.common.mx_5.6.0.202002181639\\db\/plugins/mcufinder/images/boards/nucleo-wb15cc_small.jpg
2026-06-28 20:56:29,960 [ERROR] DbBoards:192 - Image file not found for board STM32WB5MM-DK: C:\ST\STM32CubeIDE_1.3.0\STM32CubeIDE\plugins\com.st.stm32cube.common.mx_5.6.0.202002181639\\db\/plugins/mcufinder/images/boards/STM32WB5MM-DK_small.jpg
2026-06-28 20:56:29,960 [ERROR] DbBoards:192 - Image file not found for board B-U585I-IOT02A: C:\ST\STM32CubeIDE_1.3.0\STM32CubeIDE\plugins\com.st.stm32cube.common.mx_5.6.0.202002181639\\db\/plugins/mcufinder/images/boards/B-U585I-IOT02A_small.jpg
2026-06-28 20:56:29,960 [ERROR] DbBoards:192 - Image file not found for board NUCLEO-U575ZI-Q: C:\ST\STM32CubeIDE_1.3.0\STM32CubeIDE\plugins\com.st.stm32cube.common.mx_5.6.0.202002181639\\db\/plugins/mcufinder/images/boards/nucleo-u575zi-q_small.jpg
2026-06-28 20:56:29,960 [ERROR] DbBoards:192 - Image file not found for board STM32U575I-EV: C:\ST\STM32CubeIDE_1.3.0\STM32CubeIDE\plugins\com.st.stm32cube.common.mx_5.6.0.202002181639\\db\/plugins/mcufinder/images/boards/stm32u575i-ev_small.jpg
2026-06-28 20:56:29,960 [ERROR] DbBoards:192 - Image file not found for board STEVAL-STWINKT1B: C:\ST\STM32CubeIDE_1.3.0\STM32CubeIDE\plugins\com.st.stm32cube.common.mx_5.6.0.202002181639\\db\/plugins/mcufinder/images/boards/steval-stwinkt1b_small.jpg
2026-06-28 20:56:29,960 [INFO] ApiDb:158 - Load user favorites file C:\Users\dayan/.stm32cubeide/favorites.boards.txt: 0 item(s)
2026-06-28 20:56:29,960 [INFO] ApiDb:163 - User favorites Boards=[]
2026-06-28 20:56:29,960 [INFO] DbBoards:209 - Set 0 / 0 favorites Boards
2026-06-28 20:56:30,087 [ERROR] MultiScanPanel:745 - Unable to refresh data
2026-06-28 20:56:30,087 [INFO] McuFilterPanel:249 - Update 0 favorites MCUs
2026-06-28 20:56:30,233 [WARN] BoardDetailPanel:183 - Failed to get advertising image, set to default
2026-06-28 20:56:49,790 [ERROR] ServerAccessManage:989 - HTTP unexpected response (522) for http://stmcufinder.com/API/getAd.php?
2026-06-28 20:56:49,793 [ERROR] ServerAccessManage:517 - Error during Access to HTTP Server. : mcusAds.json._tmp_.
2026-06-28 20:59:50,269 [INFO] LoadUrlFilesThread:134 - End of LoadUrlFiles Thread
2026-06-28 20:59:53,082 [ERROR] DbUtils:100 - File not found: C:\Users\dayan\.stmcufinder\plugins\mcufinder//mcu/mcusAds.json._tmp_
2026-06-28 20:59:53,082 [ERROR] DbFile:108 - Temporary file not found: C:\Users\dayan\.stmcufinder\plugins\mcufinder\mcu\mcusAds.json._tmp_
2026-06-28 20:59:53,082 [ERROR] DbUtils:100 - File not found: C:\Users\dayan\.stmcufinder\plugins\mcufinder//mcu/mcusDocs.json._tmp_
2026-06-28 20:59:53,082 [WARN] DbUtils:203 - Warning! success is not a boolean!
2026-06-28 20:59:53,082 [ERROR] DbMcusDocs:79 - No MCUs documents found !
2026-06-28 20:59:53,082 [ERROR] DbFile:108 - Temporary file not found: C:\Users\dayan\.stmcufinder\plugins\mcufinder\mcu\mcusDocs.json._tmp_
2026-06-28 20:59:53,106 [INFO] DbMcusDocs:142 - JSON generation date=Tue Nov 16 21:47:54 IST 2021 (1637079474)
2026-06-28 20:59:53,108 [ERROR] DbMcusDocs:79 - No MCUs documents found !
2026-06-28 20:59:53,108 [INFO] ApiDb:186 - Save user favorites file C:\Users\dayan/.stm32cubeide/favorites.mcus.txt: 0 item(s)
2026-06-28 20:59:53,108 [INFO] ApiDb:191 - User favorites MCUs=[]
2026-06-28 20:59:53,110 [INFO] DbMcusXml:110 - Load MCU database from C:\ST\STM32CubeIDE_1.3.0\STM32CubeIDE\plugins\com.st.stm32cube.common.mx_5.6.0.202002181639\\db\/mcu/families.xml
2026-06-28 20:59:53,193 [ERROR] DbUtils:100 - File not found: C:\Users\dayan\.stmcufinder\plugins\mcufinder//mcu/mcusFeaturesAndDescription.json._tmp_
2026-06-28 20:59:53,193 [WARN] DbUtils:203 - Warning! success is not a boolean!
2026-06-28 20:59:53,193 [ERROR] DbFile:108 - Temporary file not found: C:\Users\dayan\.stmcufinder\plugins\mcufinder\mcu\mcusFeaturesAndDescription.json._tmp_
2026-06-28 20:59:53,193 [INFO] DbMcus:171 - Found 1670 MCUs (1625 are supported by CubeMX, 1625 are visible in CubeMX)
2026-06-28 20:59:53,193 [INFO] ApiDb:158 - Load user favorites file C:\Users\dayan/.stm32cubeide/favorites.mcus.txt: 0 item(s)
2026-06-28 20:59:53,193 [INFO] ApiDb:163 - User favorites MCUs=[]
2026-06-28 20:59:53,193 [INFO] DbMcus:183 - Set 0 / 0 favorites MCUs
2026-06-28 20:59:53,225 [INFO] McuFilterPanel:249 - Update 0 favorites MCUs
2026-06-28 20:59:53,463 [ERROR] DbUtils:100 - File not found: C:\Users\dayan\.stmcufinder\plugins\mcufinder//mcu/boardsDocs.json._tmp_
2026-06-28 20:59:53,463 [WARN] DbUtils:203 - Warning! success is not a boolean!
2026-06-28 20:59:53,463 [ERROR] DbBoardsDocs:72 - No boards documents found !
2026-06-28 20:59:53,463 [ERROR] DbFile:108 - Temporary file not found: C:\Users\dayan\.stmcufinder\plugins\mcufinder\mcu\boardsDocs.json._tmp_
2026-06-28 20:59:53,463 [INFO] ApiDb:186 - Save user favorites file C:\Users\dayan/.stm32cubeide/favorites.boards.txt: 0 item(s)
2026-06-28 20:59:53,463 [INFO] ApiDb:191 - User favorites Boards=[]
2026-06-28 20:59:53,463 [INFO] DbBoardsPdsc:92 - Found 22 items
2026-06-28 20:59:53,463 [INFO] DbBoardsPdsc:92 - Found 9 items
2026-06-28 20:59:53,463 [INFO] DbBoardsPdsc:92 - Found 28 items
2026-06-28 20:59:53,463 [INFO] DbBoardsPdsc:92 - Found 1 items
2026-06-28 20:59:53,463 [INFO] DbBoardsPdsc:92 - Found 40 items
2026-06-28 20:59:53,479 [INFO] DbBoardsPdsc:92 - Found 39 items
2026-06-28 20:59:53,479 [INFO] DbBoardsPdsc:92 - Found 2 items
2026-06-28 20:59:53,479 [INFO] DbBoardsPdsc:92 - Found 4 items
2026-06-28 20:59:53,479 [WARN] DbBoardsPdsc:256 - Board STM32H7B3I-DK: unknown feature type=Audio, name=, username=Audio stereo codec with Headphone Amp (CS42L51-CNZ), n=1
2026-06-28 20:59:53,479 [WARN] DbBoardsPdsc:256 - Board STM32H7B3I-DK: unknown feature type=WIFI, name=, username=WIFI 802.11 b/g/n, n=1
2026-06-28 20:59:53,479 [WARN] DbBoardsPdsc:256 - Board STM32H7B3I-EVAL: unknown feature type=Audio, name=, username=Multi-Channel Audio Codec (CS42L51-CNZ), n=1
2026-06-28 20:59:53,479 [WARN] DbBoardsPdsc:256 - Board STM32H7B3I-EVAL: unknown feature type=Meter, name=, username=Power-metering and Temperature-monitoring with sigma-delta modulators, n=1
2026-06-28 20:59:53,479 [WARN] DbBoardsPdsc:256 - Board STM32H7B3I-EVAL: unknown feature type=WIFI, name=, username=WIFI 802.11 a/b/g/n, n=1
2026-06-28 20:59:53,479 [WARN] DbBoardsPdsc:256 - Board STM32H7B3I-EVAL: unknown feature type=Motor, name=, username=Motor Control, n=1
2026-06-28 20:59:53,490 [ERROR] DbUtils:100 - File not found: C:\Users\dayan\.stmcufinder\plugins\mcufinder//mcu/boards.json._tmp_
2026-06-28 20:59:53,490 [WARN] DbUtils:203 - Warning! success is not a boolean!
2026-06-28 20:59:53,490 [ERROR] DbFile:108 - Temporary file not found: C:\Users\dayan\.stmcufinder\plugins\mcufinder\mcu\boards.json._tmp_
2026-06-28 20:59:53,490 [INFO] DbBoards:120 - Found 145 boards (142 are supported by CubeMX)
2026-06-28 20:59:53,492 [INFO] DbBoardsDocs:131 - JSON generation date=Tue Nov 16 21:47:54 IST 2021 (1637079474)
2026-06-28 20:59:53,494 [ERROR] DbBoardsDocs:72 - No boards documents found !
2026-06-28 20:59:53,496 [INFO] DbBoardsDocs:131 - JSON generation date=Tue Nov 16 21:47:54 IST 2021 (1637079474)
2026-06-28 20:59:53,496 [ERROR] DbBoardsDocs:72 - No boards documents found !
2026-06-28 20:59:53,496 [WARN] DbBoards:130 - board NUCLEO-F303ZE has no document id list !
2026-06-28 20:59:53,496 [WARN] DbBoards:130 - board NUCLEO-F207ZG has no document id list !
2026-06-28 20:59:53,496 [WARN] DbBoards:130 - board NUCLEO-F429ZI has no document id list !
2026-06-28 20:59:53,496 [WARN] DbBoards:130 - board NUCLEO-F439ZI has no document id list !
2026-06-28 20:59:53,496 [WARN] DbBoards:130 - board NUCLEO-F446ZE has no document id list !
2026-06-28 20:59:53,498 [WARN] DbBoards:130 - board NUCLEO-F746ZG has no document id list !
2026-06-28 20:59:53,498 [WARN] DbBoards:130 - board NUCLEO-F767ZI has no document id list !
2026-06-28 20:59:53,498 [WARN] DbBoards:130 - board NUCLEO-F412ZG has no document id list !
2026-06-28 20:59:53,498 [WARN] DbBoards:130 - board NUCLEO-F413ZH has no document id list !
2026-06-28 20:59:53,498 [WARN] DbBoards:130 - board NUCLEO-L496ZG has no document id list !
2026-06-28 20:59:53,498 [WARN] DbBoards:130 - board NUCLEO-L496ZG-P has no document id list !
2026-06-28 20:59:53,498 [WARN] DbBoards:130 - board NUCLEO-L4R5ZI has no document id list !
2026-06-28 20:59:53,498 [WARN] DbBoards:130 - board NUCLEO-L4R5ZI-P has no document id list !
2026-06-28 20:59:53,498 [WARN] DbBoards:130 - board NUCLEO-F722ZE has no document id list !
2026-06-28 20:59:53,498 [WARN] DbBoards:130 - board NUCLEO-H743ZI has no document id list !
2026-06-28 20:59:53,498 [WARN] DbBoards:130 - board NUCLEO-H743ZI2 has no document id list !
2026-06-28 20:59:53,498 [WARN] DbBoards:130 - board NUCLEO-H753ZI has no document id list !
2026-06-28 20:59:53,498 [WARN] DbBoards:130 - board NUCLEO-H745ZI-Q has no document id list !
2026-06-28 20:59:53,498 [WARN] DbBoards:130 - board NUCLEO-H755ZI-Q has no document id list !
2026-06-28 20:59:53,498 [WARN] DbBoards:130 - board NUCLEO-H7A3ZI-Q has no document id list !
2026-06-28 20:59:53,498 [WARN] DbBoards:130 - board NUCLEO-L552ZE-Q has no document id list !
2026-06-28 20:59:53,498 [WARN] DbBoards:130 - board NUCLEO-L4P5ZG has no document id list !
2026-06-28 20:59:53,498 [WARN] DbBoards:130 - board NUCLEO-F042K6 has no document id list !
2026-06-28 20:59:53,498 [WARN] DbBoards:130 - board NUCLEO-F031K6 has no document id list !
2026-06-28 20:59:53,498 [WARN] DbBoards:130 - board NUCLEO-F303K8 has no document id list !
2026-06-28 20:59:53,498 [WARN] DbBoards:130 - board NUCLEO-L031K6 has no document id list !
2026-06-28 20:59:53,500 [WARN] DbBoards:130 - board NUCLEO-L011K4 has no document id list !
2026-06-28 20:59:53,500 [WARN] DbBoards:130 - board NUCLEO-L432KC has no document id list !
2026-06-28 20:59:53,500 [WARN] DbBoards:130 - board NUCLEO-L412KB has no document id list !
2026-06-28 20:59:53,500 [WARN] DbBoards:130 - board NUCLEO-G431KB has no document id list !
2026-06-28 20:59:53,500 [WARN] DbBoards:130 - board NUCLEO-G031K8 has no document id list !
2026-06-28 20:59:53,500 [WARN] DbBoards:130 - board NUCLEO-F030R8 has no document id list !
2026-06-28 20:59:53,500 [WARN] DbBoards:130 - board NUCLEO-F070RB has no document id list !
2026-06-28 20:59:53,500 [WARN] DbBoards:130 - board NUCLEO-F072RB has no document id list !
2026-06-28 20:59:53,500 [WARN] DbBoards:130 - board NUCLEO-F091RC has no document id list !
2026-06-28 20:59:53,500 [WARN] DbBoards:130 - board NUCLEO-F103RB has no document id list !
2026-06-28 20:59:53,500 [WARN] DbBoards:130 - board NUCLEO-F302R8 has no document id list !
2026-06-28 20:59:53,500 [WARN] DbBoards:130 - board NUCLEO-F303RE has no document id list !
2026-06-28 20:59:53,500 [WARN] DbBoards:130 - board NUCLEO-F334R8 has no document id list !
2026-06-28 20:59:53,500 [WARN] DbBoards:130 - board NUCLEO-F401RE has no document id list !
2026-06-28 20:59:53,500 [WARN] DbBoards:130 - board NUCLEO-F411RE has no document id list !
2026-06-28 20:59:53,500 [WARN] DbBoards:130 - board NUCLEO-L053R8 has no document id list !
2026-06-28 20:59:53,500 [WARN] DbBoards:130 - board NUCLEO-L152RE has no document id list !
2026-06-28 20:59:53,500 [WARN] DbBoards:130 - board NUCLEO-F446RE has no document id list !
2026-06-28 20:59:53,500 [WARN] DbBoards:130 - board NUCLEO-L476RG has no document id list !
2026-06-28 20:59:53,500 [WARN] DbBoards:130 - board NUCLEO-F410RB has no document id list !
2026-06-28 20:59:53,500 [WARN] DbBoards:130 - board NUCLEO-L073RZ has no document id list !
2026-06-28 20:59:53,500 [WARN] DbBoards:130 - board NUCLEO-L010RB has no document id list !
2026-06-28 20:59:53,500 [WARN] DbBoards:130 - board NUCLEO-L452RE has no document id list !
2026-06-28 20:59:53,502 [WARN] DbBoards:130 - board NUCLEO-L452RE-P has no document id list !
2026-06-28 20:59:53,502 [WARN] DbBoards:130 - board NUCLEO-L433RC-P has no document id list !
2026-06-28 20:59:53,502 [WARN] DbBoards:130 - board NUCLEO-L412RB-P has no document id list !
2026-06-28 20:59:53,502 [WARN] DbBoards:130 - board NUCLEO-G071RB has no document id list !
2026-06-28 20:59:53,502 [WARN] DbBoards:130 - board NUCLEO-G070RB has no document id list !
2026-06-28 20:59:53,502 [WARN] DbBoards:130 - board P-NUCLEO-WB55-Nucleo has no document id list !
2026-06-28 20:59:53,502 [WARN] DbBoards:130 - board P-NUCLEO-WB55-USBDongle has no document id list !
2026-06-28 20:59:53,502 [WARN] DbBoards:130 - board NUCLEO-WB35CE has no document id list !
2026-06-28 20:59:53,502 [WARN] DbBoards:130 - board NUCLEO-G431RB has no document id list !
2026-06-28 20:59:53,502 [WARN] DbBoards:130 - board NUCLEO-G474RE has no document id list !
2026-06-28 20:59:53,502 [WARN] DbBoards:130 - board P-NUCLEO-WB55 has no document id list !
2026-06-28 20:59:53,502 [WARN] DbBoards:130 - board STM32F0DISCOVERY has no document id list !
2026-06-28 20:59:53,502 [WARN] DbBoards:130 - board STM32F0308-DISCO has no document id list !
2026-06-28 20:59:53,502 [WARN] DbBoards:130 - board STM32F072B-DISCO has no document id list !
2026-06-28 20:59:53,502 [WARN] DbBoards:130 - board STM32F3DISCOVERY has no document id list !
2026-06-28 20:59:53,502 [WARN] DbBoards:130 - board STM32F3348-DISCO has no document id list !
2026-06-28 20:59:53,502 [WARN] DbBoards:130 - board STM32F401C-DISCO has no document id list !
2026-06-28 20:59:53,502 [WARN] DbBoards:130 - board STM32F411E-DISCO has no document id list !
2026-06-28 20:59:53,502 [WARN] DbBoards:130 - board STM32F407G-DISC1 has no document id list !
2026-06-28 20:59:53,502 [WARN] DbBoards:130 - board STM32F429I-DISC1 has no document id list !
2026-06-28 20:59:53,502 [WARN] DbBoards:130 - board STM32F469I-DISCO has no document id list !
2026-06-28 20:59:53,502 [WARN] DbBoards:130 - board STM32F746G-DISCO has no document id list !
2026-06-28 20:59:53,502 [WARN] DbBoards:130 - board STM32F769I-DISCO has no document id list !
2026-06-28 20:59:53,502 [WARN] DbBoards:130 - board STM32F769I-DISC1 has no document id list !
2026-06-28 20:59:53,504 [WARN] DbBoards:130 - board STM32F723E-DISCO has no document id list !
2026-06-28 20:59:53,504 [WARN] DbBoards:130 - board B-G474E-DPOW1 has no document id list !
2026-06-28 20:59:53,504 [WARN] DbBoards:130 - board STM32F7308-DK has no document id list !
2026-06-28 20:59:53,504 [WARN] DbBoards:130 - board STM32F7508-DK has no document id list !
2026-06-28 20:59:53,504 [WARN] DbBoards:130 - board STM32L0538-DISCO has no document id list !
2026-06-28 20:59:53,504 [WARN] DbBoards:130 - board STM32L100C-DISCO has no document id list !
2026-06-28 20:59:53,504 [WARN] DbBoards:130 - board STM32L-DISCOVERY has no document id list !
2026-06-28 20:59:53,504 [WARN] DbBoards:130 - board STM32L152C-DISCO has no document id list !
2026-06-28 20:59:53,504 [WARN] DbBoards:130 - board STM32L476G-DISCO has no document id list !
2026-06-28 20:59:53,504 [WARN] DbBoards:130 - board STM32F412G-DISCO has no document id list !
2026-06-28 20:59:53,504 [WARN] DbBoards:130 - board STM32F413H-DISCO has no document id list !
2026-06-28 20:59:53,504 [WARN] DbBoards:130 - board STM32VLDISCOVERY has no document id list !
2026-06-28 20:59:53,504 [WARN] DbBoards:130 - board STM32L496G-DISCO has no document id list !
2026-06-28 20:59:53,504 [WARN] DbBoards:130 - board B-L475E-IOT01A1 has no document id list !
2026-06-28 20:59:53,504 [WARN] DbBoards:130 - board STM32G071B-DISCO has no document id list !
2026-06-28 20:59:53,504 [WARN] DbBoards:130 - board STM32G0316-DISCO has no document id list !
2026-06-28 20:59:53,504 [WARN] DbBoards:130 - board STM32H747I-DISCO has no document id list !
2026-06-28 20:59:53,504 [WARN] DbBoards:130 - board STM32H747I-DISC1 has no document id list !
2026-06-28 20:59:53,504 [WARN] DbBoards:130 - board STM32H745I-DISCO has no document id list !
2026-06-28 20:59:53,504 [WARN] DbBoards:130 - board STM32H750B-DK has no document id list !
2026-06-28 20:59:53,504 [WARN] DbBoards:130 - board STM32H7B3I-DK has no document id list !
2026-06-28 20:59:53,504 [WARN] DbBoards:130 - board STM32L4R9I-DISCO has no document id list !
2026-06-28 20:59:53,504 [WARN] DbBoards:130 - board B-L072Z-LRWAN1 has no document id list !
2026-06-28 20:59:53,504 [WARN] DbBoards:130 - board STM32MP157A-DK1 has no document id list !
2026-06-28 20:59:53,506 [WARN] DbBoards:130 - board STM32MP157C-DK2 has no document id list !
2026-06-28 20:59:53,506 [WARN] DbBoards:130 - board STM32L562E-DK has no document id list !
2026-06-28 20:59:53,506 [WARN] DbBoards:130 - board STM32L4P5G-DK has no document id list !
2026-06-28 20:59:53,506 [WARN] DbBoards:130 - board STM32072B-EVAL has no document id list !
2026-06-28 20:59:53,506 [WARN] DbBoards:130 - board STM32091C-EVAL has no document id list !
2026-06-28 20:59:53,506 [WARN] DbBoards:130 - board STM3210C-EVAL has no document id list !
2026-06-28 20:59:53,506 [WARN] DbBoards:130 - board STM3210E-EVAL has no document id list !
2026-06-28 20:59:53,506 [WARN] DbBoards:130 - board STM32100E-EVAL has no document id list !
2026-06-28 20:59:53,506 [WARN] DbBoards:130 - board STM3220G-EVAL has no document id list !
2026-06-28 20:59:53,506 [WARN] DbBoards:130 - board STM3221G-EVAL has no document id list !
2026-06-28 20:59:53,506 [WARN] DbBoards:130 - board STM32303C-EVAL has no document id list !
2026-06-28 20:59:53,506 [WARN] DbBoards:130 - board STM32303E-EVAL has no document id list !
2026-06-28 20:59:53,506 [WARN] DbBoards:130 - board STM32373C-EVAL has no document id list !
2026-06-28 20:59:53,506 [WARN] DbBoards:130 - board STM3240G-EVAL has no document id list !
2026-06-28 20:59:53,506 [WARN] DbBoards:130 - board STM3241G-EVAL has no document id list !
2026-06-28 20:59:53,506 [WARN] DbBoards:130 - board STM32429I-EVAL1 has no document id list !
2026-06-28 20:59:53,506 [WARN] DbBoards:130 - board STM32439I-EVAL2 has no document id list !
2026-06-28 20:59:53,506 [WARN] DbBoards:130 - board STM32L152D-EVAL has no document id list !
2026-06-28 20:59:53,506 [WARN] DbBoards:130 - board STM32446E-EVAL has no document id list !
2026-06-28 20:59:53,506 [WARN] DbBoards:130 - board STM32746G-EVAL2 has no document id list !
2026-06-28 20:59:53,506 [WARN] DbBoards:130 - board STM32756G-EVAL2 has no document id list !
2026-06-28 20:59:53,506 [WARN] DbBoards:130 - board STM32F769I-EVAL has no document id list !
2026-06-28 20:59:53,506 [WARN] DbBoards:130 - board STM32F779I-EVAL has no document id list !
2026-06-28 20:59:53,508 [WARN] DbBoards:130 - board STM32L476G-EVAL has no document id list !
2026-06-28 20:59:53,508 [WARN] DbBoards:130 - board STM32469I-EVAL has no document id list !
2026-06-28 20:59:53,508 [WARN] DbBoards:130 - board STM32479I-EVAL has no document id list !
2026-06-28 20:59:53,508 [WARN] DbBoards:130 - board STM32L073Z-EVAL has no document id list !
2026-06-28 20:59:53,508 [WARN] DbBoards:130 - board STM32H743I-EVAL has no document id list !
2026-06-28 20:59:53,508 [WARN] DbBoards:130 - board STM32H743I-EVAL2 has no document id list !
2026-06-28 20:59:53,508 [WARN] DbBoards:130 - board STM32H753I-EVAL has no document id list !
2026-06-28 20:59:53,508 [WARN] DbBoards:130 - board STM32H7B3I-EVAL has no document id list !
2026-06-28 20:59:53,508 [WARN] DbBoards:130 - board STM32G081B-EVAL has no document id list !
2026-06-28 20:59:53,508 [WARN] DbBoards:130 - board STM32H753I-EVAL2 has no document id list !
2026-06-28 20:59:53,508 [WARN] DbBoards:130 - board STM32H747I-EVAL has no document id list !
2026-06-28 20:59:53,508 [WARN] DbBoards:130 - board STM32H757I-EVAL has no document id list !
2026-06-28 20:59:53,508 [WARN] DbBoards:130 - board STM32L4R9I-EVAL has no document id list !
2026-06-28 20:59:53,508 [WARN] DbBoards:130 - board STM32MP157C-EV1 has no document id list !
2026-06-28 20:59:53,508 [WARN] DbBoards:130 - board STM32MP157A-EV1 has no document id list !
2026-06-28 20:59:53,508 [WARN] DbBoards:130 - board STM32G474E-EVAL has no document id list !
2026-06-28 20:59:53,508 [WARN] DbBoards:130 - board STM32G474E-EVAL1 has no document id list !
2026-06-28 20:59:53,508 [WARN] DbBoards:130 - board STM32G484E-EVAL has no document id list !
2026-06-28 20:59:53,508 [WARN] DbBoards:130 - board STM32L552E-EV has no document id list !
2026-06-28 20:59:53,510 [WARN] DbBoards:130 - board STEVAL-BFA001V1B has no document id list !
2026-06-28 20:59:53,510 [WARN] DbBoards:130 - board STEVAL-BFA001V2B has no document id list !
2026-06-28 20:59:53,510 [WARN] DbBoards:130 - board STEVAL-MKSBOX1V1 has no document id list !
2026-06-28 20:59:53,510 [WARN] DbBoards:130 - board STEVAL-STWINKT1 has no document id list !
2026-06-28 20:59:53,510 [WARN] DbBoards:130 - board STEVAL-IDP005V1 has no document id list !
2026-06-28 20:59:53,510 [WARN] DbBoards:130 - board STEVAL-IDP005V2 has no document id list !
2026-06-28 20:59:54,144 [INFO] ApiDb:158 - Load user favorites file C:\Users\dayan/.stm32cubeide/favorites.boards.txt: 0 item(s)
2026-06-28 20:59:54,144 [INFO] ApiDb:163 - User favorites Boards=[]
2026-06-28 20:59:54,144 [INFO] DbBoards:209 - Set 0 / 0 favorites Boards
2026-06-28 20:59:54,160 [INFO] BoardFilterPanel:211 - Update 0 favorites Boards
2026-06-28 20:59:54,301 [ERROR] MultiScanPanel:745 - Unable to refresh data
2026-06-28 20:59:54,301 [INFO] BoardFilterPanel:211 - Update 0 favorites Boards
2026-06-28 20:59:55,237 [INFO] CrossSelectorPresenter:1319 - Cross Selector saved comparison directory: C:\Users\dayan\.stmcufinder\plugins\mcufinder\mcu\cs_comparisons_mx
2026-06-28 21:00:09,876 [ERROR] ServerAccessManage:989 - HTTP unexpected response (522) for http://stmcufinder.com/API/getFiles.php?
2026-06-28 21:00:09,876 [ERROR] ServerAccessManage:517 - Error during Access to HTTP Server. : mcusDocs.json._tmp_.
2026-06-28 21:00:09,878 [INFO] LoadUrlFilesThread:134 - End of LoadUrlFiles Thread
2026-06-28 21:00:10,772 [INFO] LogOutputStream:76 - [STDOUT_REDIRECT] withoutVersionV1.8.4
2026-06-28 21:00:10,787 [INFO] LogOutputStream:76 - [STDOUT_REDIRECT] withoutVersionV1.8.3
2026-06-28 21:00:10,787 [INFO] LogOutputStream:76 - [STDOUT_REDIRECT] withoutVersionV1.8.2
2026-06-28 21:00:10,789 [INFO] LogOutputStream:76 - [STDOUT_REDIRECT] withoutVersionV1.8.1
2026-06-28 21:00:10,789 [INFO] LogOutputStream:76 - [STDOUT_REDIRECT] withoutVersionV1.8.0
2026-06-28 21:00:11,183 [INFO] LogOutputStream:76 - [STDOUT_REDIRECT] File copied successfully!!
2026-06-28 21:00:12,648 [INFO] MainUpdater:2230 - connection check result : 10
2026-06-28 21:00:12,733 [INFO] MicroXplorer:390 - Change Database Path : 
2026-06-28 21:00:12,733 [INFO] MicroXplorer:420 - Change Database Version : DB.5.0.60
2026-06-28 21:00:12,733 [INFO] PinOutPanel:1420 - setPackage(No Configuration,No Configuration)
2026-06-28 21:00:12,733 [INFO] UtilMem:74 - Begin LoadConfig() Used Memory: 720422320 Bytes (964689920)
2026-06-28 21:00:12,738 [INFO] MicroXplorer:390 - Change Database Path : 
2026-06-28 21:00:12,738 [INFO] MicroXplorer:420 - Change Database Version : DB.5.0.60
2026-06-28 21:00:12,738 [INFO] OpenFileManager:274 - Change cursor
2026-06-28 21:00:14,046 [INFO] ImportTextPane:162 - (OptionalMessage_ERROR) Unable to find key (Mcu.ThirdPartyNb) in loaded IOC file
2026-06-28 21:00:14,046 [INFO] ImportTextPane:162 - (OptionalMessage_ERROR) Unable to find key (Mcu.PinsNb) in loaded IOC file
2026-06-28 21:00:14,046 [INFO] ImportTextPane:162 - (OptionalMessage_ERROR) Unable to find key (Mcu.IPNb) in loaded IOC file
2026-06-28 21:00:14,184 [INFO] UtilMem:74 - End LoadConfig() Used Memory: 733811352 Bytes (964689920)
2026-06-28 21:00:14,206 [INFO] ThirdPartyDb:295 - Open Third Party DataBase File (C:/Users/dayan/.stm32cubemx/plugins/thirdparty/db/thirdparties_db.xml) : 6 ms. number of Sw pack : 8
2026-06-28 21:00:14,288 [INFO] DependencyParser:785 - This component is not compatible with the current MCU : [1781279066271, 1781279066247]
2026-06-28 21:00:14,295 [INFO] ThirdPartyModel:521 - Component with status : MCU_INCOMPATIBLE for condition : JSON id : 1781279066137
2026-06-28 21:00:14,296 [INFO] DependencyParser:785 - This component is not compatible with the current MCU : [1781279066260, 1781279066261, 1781279066262, 1781279066271, 1781279066247]
2026-06-28 21:00:14,296 [INFO] ThirdPartyModel:521 - Component with status : MCU_INCOMPATIBLE for condition : STACK_UPDATER Condition id : 1781279066145
2026-06-28 21:00:14,343 [INFO] ThirdParty:899 - CMSIS Pack Vendor :STMicroelectronics X-CUBE-MEMS1 12.1.0
2026-06-28 21:00:14,343 [INFO] ThirdParty:899 - CMSIS Pack Vendor :STMicroelectronics X-CUBE-GNSS1 7.1.1
2026-06-28 21:00:14,343 [INFO] ThirdParty:899 - CMSIS Pack Vendor :STMicroelectronics X-CUBE-ALGOBUILD 1.5.0
2026-06-28 21:00:14,343 [INFO] ThirdParty:899 - CMSIS Pack Vendor :STMicroelectronics FreeRTOS 0.0.1
2026-06-28 21:00:14,343 [INFO] ThirdParty:899 - CMSIS Pack Vendor :STMicroelectronics X-CUBE-NFC13 1.0.0
2026-06-28 21:00:14,343 [INFO] ThirdParty:899 - CMSIS Pack Vendor :STMicroelectronics X-CUBE-WB05N 2.1.0
2026-06-28 21:00:14,564 [INFO] PinOutPanel:1420 - setPackage(No Configuration,No Configuration)
2026-06-28 21:00:14,564 [INFO] PinOutPanel:1420 - setPackage(STM32F103C6Tx,LQFP48)
2026-06-28 21:00:14,898 [INFO] UtilMem:74 - Before build in PCC Used Memory: 733113584 Bytes (964689920)
2026-06-28 21:00:15,359 [INFO] SharedServices:71 - Folder for power plug-in: C:/Users/dayan/.stm32cubemx/plugins/power
2026-06-28 21:00:15,408 [INFO] SharedServices:71 - Folder for power plug-in: C:/Users/dayan/.stm32cubemx/plugins/power
2026-06-28 21:00:15,451 [INFO] SharedServices:71 - Folder for power plug-in: C:/Users/dayan/.stm32cubemx/plugins/power
2026-06-28 21:00:15,451 [INFO] SharedServices:71 - Folder for power plug-in: C:/Users/dayan/.stm32cubemx/plugins/power
2026-06-28 21:00:15,655 [INFO] UtilMem:74 - After build in PCC Used Memory: 757737488 Bytes (964689920)
2026-06-28 21:00:15,667 [INFO] IPUIPlugin:65 - create IPUIPlugin
2026-06-28 21:00:15,667 [INFO] IPUIPlugin:65 - create IPUIPlugin
2026-06-28 21:00:15,667 [INFO] IPUIPlugin:65 - create IPUIPlugin
2026-06-28 21:00:15,667 [INFO] IPUIPlugin:65 - create IPUIPlugin
2026-06-28 21:00:15,667 [INFO] IPUIPlugin:65 - create IPUIPlugin
2026-06-28 21:00:15,667 [INFO] IPUIPlugin:65 - create IPUIPlugin
2026-06-28 21:00:15,669 [INFO] IPUIPlugin:65 - create IPUIPlugin
2026-06-28 21:00:15,669 [INFO] IPUIPlugin:65 - create IPUIPlugin
2026-06-28 21:00:15,669 [INFO] IPUIPlugin:65 - create IPUIPlugin
2026-06-28 21:00:15,669 [INFO] IPUIPlugin:65 - create IPUIPlugin
2026-06-28 21:00:15,669 [INFO] IPUIPlugin:65 - create IPUIPlugin
2026-06-28 21:00:15,669 [INFO] IPUIPlugin:65 - create IPUIPlugin
2026-06-28 21:00:15,669 [INFO] IPUIPlugin:65 - create IPUIPlugin
2026-06-28 21:00:15,669 [INFO] IPUIPlugin:65 - create IPUIPlugin
2026-06-28 21:00:15,669 [INFO] IPUIPlugin:65 - create IPUIPlugin
2026-06-28 21:00:15,669 [INFO] IPUIPlugin:65 - create IPUIPlugin
2026-06-28 21:00:15,669 [INFO] IPUIPlugin:65 - create IPUIPlugin
2026-06-28 21:00:15,671 [INFO] IPUIPlugin:65 - create IPUIPlugin
2026-06-28 21:00:15,671 [INFO] IPUIPlugin:65 - create IPUIPlugin
2026-06-28 21:00:15,671 [INFO] IPUIPlugin:65 - create IPUIPlugin
2026-06-28 21:00:15,671 [INFO] IPUIPlugin:65 - create IPUIPlugin
2026-06-28 21:00:15,671 [INFO] IPUIPlugin:65 - create IPUIPlugin
2026-06-28 21:00:15,671 [INFO] IPUIPlugin:65 - create IPUIPlugin
2026-06-28 21:00:15,705 [INFO] LogOutputStream:76 - [STDOUT_REDIRECT] toolchainItems.length=====1
2026-06-28 21:00:15,806 [INFO] OpenFileManager:294 - Restore cursor
2026-06-28 21:00:16,056 [INFO] UtilMem:74 - End SaveConfig() Used Memory: 784819504 Bytes (964689920)
2026-06-28 21:00:16,117 [INFO] UtilMem:74 - End SaveConfig() Used Memory: 788668440 Bytes (964689920)
2026-06-28 21:00:16,555 [INFO] BlockDiagram:2671 - set Specific Code input for plugin: NVIC
2026-06-28 21:00:16,555 [INFO] BlockDiagram:2671 - set Specific Code input for plugin: SYS
2026-06-28 21:00:16,557 [INFO] CodeGenerator:603 - code generatio: config db path: C:\ST\STM32CubeIDE_1.3.0\STM32CubeIDE\plugins\com.st.stm32cube.common.mx_5.6.0.202002181639\\db\
2026-06-28 21:00:16,991 [INFO] CodeEngine:188 - oldGeneratedFile, D:\Controllers\2026\STM32\STM32F103C6Tx\Codes\Switch\switch\MXTmpFiles\license.tmp_save
2026-06-28 21:00:17,390 [INFO] CodeEngine:206 - Generated code: D:\Controllers\2026\STM32\STM32F103C6Tx\Codes\Switch\switch\MXTmpFiles\license.tmp
2026-06-28 21:00:17,508 [INFO] LogOutputStream:76 - [STDOUT_REDIRECT] Debug : prepare data for NVIC
2026-06-28 21:00:17,508 [INFO] LogOutputStream:76 - [STDOUT_REDIRECT] Command line test
2026-06-28 21:00:17,533 [INFO] CodeEngine:188 - oldGeneratedFile, D:\Controllers\2026\STM32\STM32F103C6Tx\Codes\Switch\switch\Core\Src\stm32f1xx_it.c_save
2026-06-28 21:00:17,714 [INFO] CodeEngine:206 - Generated code: D:\Controllers\2026\STM32\STM32F103C6Tx\Codes\Switch\switch\Core\Src\stm32f1xx_it.c
2026-06-28 21:00:17,740 [INFO] CodeEngine:188 - oldGeneratedFile, D:\Controllers\2026\STM32\STM32F103C6Tx\Codes\Switch\switch\Core\Inc\stm32f1xx_it.h_save
2026-06-28 21:00:17,832 [INFO] CodeEngine:206 - Generated code: D:\Controllers\2026\STM32\STM32F103C6Tx\Codes\Switch\switch\Core\Inc\stm32f1xx_it.h
2026-06-28 21:00:17,858 [INFO] CodeEngine:188 - oldGeneratedFile, D:\Controllers\2026\STM32\STM32F103C6Tx\Codes\Switch\switch\Core\Src\stm32f1xx_hal_msp.c_save
2026-06-28 21:00:17,998 [INFO] CodeEngine:206 - Generated code: D:\Controllers\2026\STM32\STM32F103C6Tx\Codes\Switch\switch\Core\Src\stm32f1xx_hal_msp.c
2026-06-28 21:00:18,037 [INFO] CodeEngine:188 - oldGeneratedFile, D:\Controllers\2026\STM32\STM32F103C6Tx\Codes\Switch\switch\MXTmpFiles\system.tmp_save
2026-06-28 21:00:18,160 [INFO] CodeEngine:206 - Generated code: D:\Controllers\2026\STM32\STM32F103C6Tx\Codes\Switch\switch\MXTmpFiles\system.tmp
2026-06-28 21:00:18,173 [INFO] CodeEngine:188 - oldGeneratedFile, D:\Controllers\2026\STM32\STM32F103C6Tx\Codes\Switch\switch\Core\Inc\stm32f1xx_hal_conf.h_save
2026-06-28 21:00:18,297 [INFO] CodeEngine:206 - Generated code: D:\Controllers\2026\STM32\STM32F103C6Tx\Codes\Switch\switch\Core\Inc\stm32f1xx_hal_conf.h
2026-06-28 21:00:18,354 [INFO] CodeEngine:188 - oldGeneratedFile, D:\Controllers\2026\STM32\STM32F103C6Tx\Codes\Switch\switch\Core\Inc\main.h_save
2026-06-28 21:00:18,471 [INFO] CodeEngine:206 - Generated code: D:\Controllers\2026\STM32\STM32F103C6Tx\Codes\Switch\switch\Core\Inc\main.h
2026-06-28 21:00:18,496 [INFO] CodeEngine:188 - oldGeneratedFile, D:\Controllers\2026\STM32\STM32F103C6Tx\Codes\Switch\switch\Core\Src\main.c_save
2026-06-28 21:00:18,630 [INFO] CodeEngine:206 - Generated code: D:\Controllers\2026\STM32\STM32F103C6Tx\Codes\Switch\switch\Core\Src\main.c
2026-06-28 21:00:19,278 [INFO] ProjectBuilder:2002 - Time for Copy HAL[1] : 73mS.
2026-06-28 21:00:19,278 [INFO] ProjectBuilder:2727 - Project Generator version: 3.7.1
2026-06-28 21:00:19,643 [INFO] ConfigFileManager:1066 - The Die is : DIE412
2026-06-28 21:00:27,205 [INFO] ProjectBuilder:2894 - Time for Generating toolchain IDE Files: 7927mS.
2026-06-28 21:00:27,205 [INFO] ProjectBuilder:1878 - Time for Copy CMSIS : 0mS.
2026-06-28 21:00:27,207 [INFO] ProjectBuilder:1878 - Time for Copy CMSIS : 0mS.
2026-06-28 21:01:35,327 [INFO] UtilMem:74 - End SaveConfig() Used Memory: 890209200 Bytes (1071644672)
2026-06-28 21:01:38,155 [INFO] UtilMem:74 - End SaveConfig() Used Memory: 897392728 Bytes (1071644672)
2026-06-28 21:01:38,357 [INFO] UtilMem:74 - End SaveConfig() Used Memory: 912548880 Bytes (1071644672)
2026-06-28 21:01:38,842 [INFO] BlockDiagram:2671 - set Specific Code input for plugin: NVIC
2026-06-28 21:01:38,842 [INFO] BlockDiagram:2671 - set Specific Code input for plugin: SYS
2026-06-28 21:01:38,842 [INFO] BlockDiagram:2671 - set Specific Code input for plugin: GPIO
2026-06-28 21:01:38,842 [INFO] BlockDiagram:2671 - set Specific Code input for plugin: RCC
2026-06-28 21:01:38,842 [INFO] CodeGenerator:603 - code generatio: config db path: C:\ST\STM32CubeIDE_1.3.0\STM32CubeIDE\plugins\com.st.stm32cube.common.mx_5.6.0.202002181639\\db\
2026-06-28 21:01:38,937 [INFO] CodeEngine:188 - oldGeneratedFile, D:\Controllers\2026\STM32\STM32F103C6Tx\Codes\Switch\switch\MXTmpFiles\license.tmp_save
2026-06-28 21:01:39,306 [INFO] CodeEngine:206 - Generated code: D:\Controllers\2026\STM32\STM32F103C6Tx\Codes\Switch\switch\MXTmpFiles\license.tmp
2026-06-28 21:01:39,371 [INFO] CodeEngine:188 - oldGeneratedFile, D:\Controllers\2026\STM32\STM32F103C6Tx\Codes\Switch\switch\MXTmpFiles\gpio.tmp_save
2026-06-28 21:01:40,710 [INFO] CodeEngine:206 - Generated code: D:\Controllers\2026\STM32\STM32F103C6Tx\Codes\Switch\switch\MXTmpFiles\gpio.tmp
2026-06-28 21:01:40,722 [INFO] LogOutputStream:76 - [STDOUT_REDIRECT] Debug : prepare data for NVIC
2026-06-28 21:01:40,724 [INFO] LogOutputStream:76 - [STDOUT_REDIRECT] Command line test
2026-06-28 21:01:40,748 [INFO] CodeEngine:188 - oldGeneratedFile, D:\Controllers\2026\STM32\STM32F103C6Tx\Codes\Switch\switch\Core\Src\stm32f1xx_it.c_save
2026-06-28 21:01:40,850 [INFO] CodeEngine:206 - Generated code: D:\Controllers\2026\STM32\STM32F103C6Tx\Codes\Switch\switch\Core\Src\stm32f1xx_it.c
2026-06-28 21:01:40,858 [INFO] CodeEngine:188 - oldGeneratedFile, D:\Controllers\2026\STM32\STM32F103C6Tx\Codes\Switch\switch\Core\Inc\stm32f1xx_it.h_save
2026-06-28 21:01:40,941 [INFO] CodeEngine:206 - Generated code: D:\Controllers\2026\STM32\STM32F103C6Tx\Codes\Switch\switch\Core\Inc\stm32f1xx_it.h
2026-06-28 21:01:40,960 [INFO] CodeEngine:188 - oldGeneratedFile, D:\Controllers\2026\STM32\STM32F103C6Tx\Codes\Switch\switch\Core\Src\stm32f1xx_hal_msp.c_save
2026-06-28 21:01:41,051 [INFO] CodeEngine:206 - Generated code: D:\Controllers\2026\STM32\STM32F103C6Tx\Codes\Switch\switch\Core\Src\stm32f1xx_hal_msp.c
2026-06-28 21:01:41,051 [INFO] CodeEngine:188 - oldGeneratedFile, D:\Controllers\2026\STM32\STM32F103C6Tx\Codes\Switch\switch\MXTmpFiles\system.tmp_save
2026-06-28 21:01:41,101 [INFO] CodeEngine:206 - Generated code: D:\Controllers\2026\STM32\STM32F103C6Tx\Codes\Switch\switch\MXTmpFiles\system.tmp
2026-06-28 21:01:41,121 [INFO] CodeEngine:188 - oldGeneratedFile, D:\Controllers\2026\STM32\STM32F103C6Tx\Codes\Switch\switch\Core\Inc\stm32f1xx_hal_conf.h_save
2026-06-28 21:01:41,211 [INFO] CodeEngine:206 - Generated code: D:\Controllers\2026\STM32\STM32F103C6Tx\Codes\Switch\switch\Core\Inc\stm32f1xx_hal_conf.h
2026-06-28 21:01:41,230 [WARN] IPConfigManager:2701 - IP not found : gpio
2026-06-28 21:01:41,231 [WARN] CodeGenerator:2649 - IP not found : gpio
2026-06-28 21:01:41,247 [INFO] CodeEngine:188 - oldGeneratedFile, D:\Controllers\2026\STM32\STM32F103C6Tx\Codes\Switch\switch\Core\Inc\main.h_save
2026-06-28 21:01:41,302 [INFO] CodeEngine:206 - Generated code: D:\Controllers\2026\STM32\STM32F103C6Tx\Codes\Switch\switch\Core\Inc\main.h
2026-06-28 21:01:41,318 [INFO] CodeEngine:188 - oldGeneratedFile, D:\Controllers\2026\STM32\STM32F103C6Tx\Codes\Switch\switch\Core\Src\main.c_save
2026-06-28 21:01:41,431 [INFO] CodeEngine:206 - Generated code: D:\Controllers\2026\STM32\STM32F103C6Tx\Codes\Switch\switch\Core\Src\main.c
2026-06-28 21:01:41,878 [INFO] ProjectBuilder:2002 - Time for Copy HAL[1] : 97mS.
2026-06-28 21:01:41,881 [INFO] ProjectBuilder:2727 - Project Generator version: 3.7.1
2026-06-28 21:01:42,123 [INFO] ConfigFileManager:1066 - The Die is : DIE412
2026-06-28 21:01:43,837 [INFO] ProjectBuilder:2894 - Time for Generating toolchain IDE Files: 1956mS.
2026-06-28 21:01:43,837 [INFO] ProjectBuilder:1878 - Time for Copy CMSIS : 0mS.
2026-06-28 21:01:43,839 [INFO] ProjectBuilder:1878 - Time for Copy CMSIS : 0mS.
